<?xml version="1.0" encoding="UTF-8"?>
<testsuite name="com.example.blogapi.BlogApiApplicationTests" tests="1" skipped="0" failures="0" errors="0" timestamp="2023-11-27T09:53:08" hostname="DESKTOP-GTJ9E4R" time="0.202">
  <properties/>
  <testcase name="contextLoads()" classname="com.example.blogapi.BlogApiApplicationTests" time="0.202"/>
  <system-out><![CDATA[15:23:02.474 [Test worker] DEBUG org.springframework.test.context.BootstrapUtils - Instantiating CacheAwareContextLoaderDelegate from class [org.springframework.test.context.cache.DefaultCacheAwareContextLoaderDelegate]
15:23:02.491 [Test worker] DEBUG org.springframework.test.context.BootstrapUtils - Instantiating BootstrapContext using constructor [public org.springframework.test.context.support.DefaultBootstrapContext(java.lang.Class,org.springframework.test.context.CacheAwareContextLoaderDelegate)]
15:23:02.537 [Test worker] DEBUG org.springframework.test.context.BootstrapUtils - Instantiating TestContextBootstrapper for test class [com.example.blogapi.BlogApiApplicationTests] from class [org.springframework.boot.test.context.SpringBootTestContextBootstrapper]
15:23:02.553 [Test worker] INFO org.springframework.boot.test.context.SpringBootTestContextBootstrapper - Neither @ContextConfiguration nor @ContextHierarchy found for test class [com.example.blogapi.BlogApiApplicationTests], using SpringBootContextLoader
15:23:02.559 [Test worker] DEBUG org.springframework.test.context.support.AbstractContextLoader - Did not detect default resource location for test class [com.example.blogapi.BlogApiApplicationTests]: class path resource [com/example/blogapi/BlogApiApplicationTests-context.xml] does not exist
15:23:02.560 [Test worker] DEBUG org.springframework.test.context.support.AbstractContextLoader - Did not detect default resource location for test class [com.example.blogapi.BlogApiApplicationTests]: class path resource [com/example/blogapi/BlogApiApplicationTestsContext.groovy] does not exist
15:23:02.560 [Test worker] INFO org.springframework.test.context.support.AbstractContextLoader - Could not detect default resource locations for test class [com.example.blogapi.BlogApiApplicationTests]: no resource found for suffixes {-context.xml, Context.groovy}.
15:23:02.560 [Test worker] INFO org.springframework.test.context.support.AnnotationConfigContextLoaderUtils - Could not detect default configuration classes for test class [com.example.blogapi.BlogApiApplicationTests]: BlogApiApplicationTests does not declare any static, non-private, non-final, nested classes annotated with @Configuration.
15:23:02.598 [Test worker] DEBUG org.springframework.test.context.support.ActiveProfilesUtils - Could not find an 'annotation declaring class' for annotation type [org.springframework.test.context.ActiveProfiles] and class [com.example.blogapi.BlogApiApplicationTests]
15:23:02.650 [Test worker] DEBUG org.springframework.context.annotation.ClassPathScanningCandidateComponentProvider - Identified candidate component class: file [D:\Scaler Notes\Project_Module_Backend\Project-Module-Feb-2023\blog-api\build\classes\java\main\com\example\blogapi\BlogApiApplication.class]
15:23:02.658 [Test worker] INFO org.springframework.boot.test.context.SpringBootTestContextBootstrapper - Found @SpringBootConfiguration com.example.blogapi.BlogApiApplication for test class com.example.blogapi.BlogApiApplicationTests
15:23:02.731 [Test worker] DEBUG org.springframework.boot.test.context.SpringBootTestContextBootstrapper - @TestExecutionListeners is not present for class [com.example.blogapi.BlogApiApplicationTests]: using defaults.
15:23:02.732 [Test worker] INFO org.springframework.boot.test.context.SpringBootTestContextBootstrapper - Loaded default TestExecutionListener class names from location [META-INF/spring.factories]: [org.springframework.boot.test.autoconfigure.restdocs.RestDocsTestExecutionListener, org.springframework.boot.test.autoconfigure.web.client.MockRestServiceServerResetTestExecutionListener, org.springframework.boot.test.autoconfigure.web.servlet.MockMvcPrintOnlyOnFailureTestExecutionListener, org.springframework.boot.test.autoconfigure.web.servlet.WebDriverTestExecutionListener, org.springframework.boot.test.autoconfigure.webservices.client.MockWebServiceServerTestExecutionListener, org.springframework.boot.test.mock.mockito.MockitoTestExecutionListener, org.springframework.boot.test.mock.mockito.ResetMocksTestExecutionListener, org.springframework.test.context.web.ServletTestExecutionListener, org.springframework.test.context.support.DirtiesContextBeforeModesTestExecutionListener, org.springframework.test.context.event.ApplicationEventsTestExecutionListener, org.springframework.test.context.support.DependencyInjectionTestExecutionListener, org.springframework.test.context.support.DirtiesContextTestExecutionListener, org.springframework.test.context.transaction.TransactionalTestExecutionListener, org.springframework.test.context.jdbc.SqlScriptsTestExecutionListener, org.springframework.test.context.event.EventPublishingTestExecutionListener]
15:23:02.746 [Test worker] INFO org.springframework.boot.test.context.SpringBootTestContextBootstrapper - Using TestExecutionListeners: [org.springframework.test.context.web.ServletTestExecutionListener@a77614d, org.springframework.test.context.support.DirtiesContextBeforeModesTestExecutionListener@4fd4cae3, org.springframework.test.context.event.ApplicationEventsTestExecutionListener@4a067c25, org.springframework.boot.test.mock.mockito.MockitoTestExecutionListener@a1217f9, org.springframework.boot.test.autoconfigure.SpringBootDependencyInjectionTestExecutionListener@3bde62ff, org.springframework.test.context.support.DirtiesContextTestExecutionListener@523424b5, org.springframework.test.context.transaction.TransactionalTestExecutionListener@2baa8d82, org.springframework.test.context.jdbc.SqlScriptsTestExecutionListener@319dead1, org.springframework.test.context.event.EventPublishingTestExecutionListener@791cbf87, org.springframework.boot.test.autoconfigure.restdocs.RestDocsTestExecutionListener@a7e2d9d, org.springframework.boot.test.autoconfigure.web.client.MockRestServiceServerResetTestExecutionListener@754777cd, org.springframework.boot.test.autoconfigure.web.servlet.MockMvcPrintOnlyOnFailureTestExecutionListener@2b52c0d6, org.springframework.boot.test.autoconfigure.web.servlet.WebDriverTestExecutionListener@372ea2bc, org.springframework.boot.test.autoconfigure.webservices.client.MockWebServiceServerTestExecutionListener@4cc76301, org.springframework.boot.test.mock.mockito.ResetMocksTestExecutionListener@2f08c4b]
15:23:02.750 [Test worker] DEBUG org.springframework.test.context.support.AbstractDirtiesContextTestExecutionListener - Before test class: context [DefaultTestContext@114a85c2 testClass = BlogApiApplicationTests, testInstance = [null], testMethod = [null], testException = [null], mergedContextConfiguration = [WebMergedContextConfiguration@f415a95 testClass = BlogApiApplicationTests, locations = '{}', classes = '{class com.example.blogapi.BlogApiApplication}', contextInitializerClasses = '[]', activeProfiles = '{}', propertySourceLocations = '{}', propertySourceProperties = '{org.springframework.boot.test.context.SpringBootTestContextBootstrapper=true}', contextCustomizers = set[org.springframework.boot.test.autoconfigure.actuate.metrics.MetricsExportContextCustomizerFactory$DisableMetricExportContextCustomizer@44b3606b, org.springframework.boot.test.autoconfigure.properties.PropertyMappingContextCustomizer@0, org.springframework.boot.test.autoconfigure.web.servlet.WebDriverContextCustomizerFactory$Customizer@1817f1eb, org.springframework.boot.test.context.filter.ExcludeFilterContextCustomizer@301ec38b, org.springframework.boot.test.json.DuplicateJsonObjectContextCustomizerFactory$DuplicateJsonObjectContextCustomizer@52066604, org.springframework.boot.test.mock.mockito.MockitoContextCustomizer@0, org.springframework.boot.test.web.client.TestRestTemplateContextCustomizer@1338fb5, org.springframework.boot.test.context.SpringBootTestArgs@1, org.springframework.boot.test.context.SpringBootTestWebEnvironment@2fb3536e], resourceBasePath = 'src/main/webapp', contextLoader = 'org.springframework.boot.test.context.SpringBootContextLoader', parent = [null]], attributes = map['org.springframework.test.context.web.ServletTestExecutionListener.activateListener' -> true]], class annotated with @DirtiesContext [false] with mode [null].

  .   ____          _            __ _ _
 /\\ / ___'_ __ _ _(_)_ __  __ _ \ \ \ \
( ( )\___ | '_ | '_| | '_ \/ _` | \ \ \ \
 \\/  ___)| |_)| | | | | || (_| |  ) ) ) )
  '  |____| .__|_| |_|_| |_\__, | / / / /
 =========|_|==============|___/=/_/_/_/
 :: Spring Boot ::                (v2.7.9)

2023-11-27 15:23:03.109  INFO 11920 --- [    Test worker] c.e.blogapi.BlogApiApplicationTests      : Starting BlogApiApplicationTests using Java 17.0.6 on DESKTOP-GTJ9E4R with PID 11920 (started by suhasini in D:\Scaler Notes\Project_Module_Backend\Project-Module-Feb-2023\blog-api)
2023-11-27 15:23:03.110  INFO 11920 --- [    Test worker] c.e.blogapi.BlogApiApplicationTests      : No active profile set, falling back to 1 default profile: "default"
2023-11-27 15:23:03.902  INFO 11920 --- [    Test worker] .s.d.r.c.RepositoryConfigurationDelegate : Bootstrapping Spring Data JPA repositories in DEFAULT mode.
2023-11-27 15:23:03.988  INFO 11920 --- [    Test worker] .s.d.r.c.RepositoryConfigurationDelegate : Finished Spring Data repository scanning in 76 ms. Found 4 JPA repository interfaces.
2023-11-27 15:23:04.678  INFO 11920 --- [    Test worker] o.hibernate.jpa.internal.util.LogHelper  : HHH000204: Processing PersistenceUnitInfo [name: default]
2023-11-27 15:23:04.746  INFO 11920 --- [    Test worker] org.hibernate.Version                    : HHH000412: Hibernate ORM core version 5.6.15.Final
2023-11-27 15:23:04.946  INFO 11920 --- [    Test worker] o.hibernate.annotations.common.Version   : HCANN000001: Hibernate Commons Annotations {5.1.2.Final}
2023-11-27 15:23:05.071  INFO 11920 --- [    Test worker] com.zaxxer.hikari.HikariDataSource       : HikariPool-1 - Starting...
2023-11-27 15:23:05.280  INFO 11920 --- [    Test worker] com.zaxxer.hikari.HikariDataSource       : HikariPool-1 - Start completed.
2023-11-27 15:23:05.313  INFO 11920 --- [    Test worker] org.hibernate.dialect.Dialect            : HHH000400: Using dialect: org.hibernate.dialect.PostgreSQL10Dialect
2023-11-27 15:23:06.232  INFO 11920 --- [    Test worker] o.h.e.t.j.p.i.JtaPlatformInitiator       : HHH000490: Using JtaPlatform implementation: [org.hibernate.engine.transaction.jta.platform.internal.NoJtaPlatform]
2023-11-27 15:23:06.240  INFO 11920 --- [    Test worker] j.LocalContainerEntityManagerFactoryBean : Initialized JPA EntityManagerFactory for persistence unit 'default'
2023-11-27 15:23:06.894  WARN 11920 --- [    Test worker] JpaBaseConfiguration$JpaWebConfiguration : spring.jpa.open-in-view is enabled by default. Therefore, database queries may be performed during view rendering. Explicitly configure spring.jpa.open-in-view to disable this warning
2023-11-27 15:23:06.982  WARN 11920 --- [    Test worker] .s.s.UserDetailsServiceAutoConfiguration : 

Using generated security password: aad1d4cf-4c6b-4c25-a5bc-3109ebde7310

This generated password is for development use only. Your security configuration must be updated before running your application in production.

2023-11-27 15:23:07.158  INFO 11920 --- [    Test worker] o.s.s.web.DefaultSecurityFilterChain     : Will secure any request with [org.springframework.security.web.session.DisableEncodeUrlFilter@18ffc008, org.springframework.security.web.context.request.async.WebAsyncManagerIntegrationFilter@4678ec43, org.springframework.security.web.context.SecurityContextPersistenceFilter@7022fb5c, org.springframework.security.web.header.HeaderWriterFilter@4a013b23, org.springframework.security.web.authentication.logout.LogoutFilter@394e504d, org.springframework.security.web.savedrequest.RequestCacheAwareFilter@63d75087, org.springframework.security.web.servletapi.SecurityContextHolderAwareRequestFilter@61555218, com.example.blogapi.security.jwt.JWTAuthenticationFilter@694f0655, com.example.blogapi.security.authtokens.AuthTokenAuthenticationFilter@3b11deb6, org.springframework.security.web.authentication.AnonymousAuthenticationFilter@5d08a65c, org.springframework.security.web.session.SessionManagementFilter@5bddd141, org.springframework.security.web.access.ExceptionTranslationFilter@58720eb9, org.springframework.security.web.access.intercept.FilterSecurityInterceptor@3a0b6aff]
2023-11-27 15:23:08.052  INFO 11920 --- [    Test worker] c.e.blogapi.BlogApiApplicationTests      : Started BlogApiApplicationTests in 5.269 seconds (JVM running for 6.494)
]]></system-out>
  <system-err><![CDATA[]]></system-err>
</testsuite>
