<?xml version="1.0" encoding="UTF-8"?>
<testsuite name="com.example.blogapi.articles.ArticleRepositoryTests" tests="1" skipped="0" failures="0" errors="0" timestamp="2024-02-10T15:05:30" hostname="DESKTOP-GTJ9E4R" time="0.572">
  <properties/>
  <testcase name="findByAuthorId()" classname="com.example.blogapi.articles.ArticleRepositoryTests" time="0.572"/>
  <system-out><![CDATA[2024-02-10 20:35:28.437  INFO 11276 --- [    Test worker] b.t.a.o.j.DataJpaTestContextBootstrapper : Neither @ContextConfiguration nor @ContextHierarchy found for test class [com.example.blogapi.articles.ArticleRepositoryTests], using SpringBootContextLoader
2024-02-10 20:35:28.439  INFO 11276 --- [    Test worker] o.s.t.c.support.AbstractContextLoader    : Could not detect default resource locations for test class [com.example.blogapi.articles.ArticleRepositoryTests]: no resource found for suffixes {-context.xml, Context.groovy}.
2024-02-10 20:35:28.439  INFO 11276 --- [    Test worker] t.c.s.AnnotationConfigContextLoaderUtils : Could not detect default configuration classes for test class [com.example.blogapi.articles.ArticleRepositoryTests]: ArticleRepositoryTests does not declare any static, non-private, non-final, nested classes annotated with @Configuration.
2024-02-10 20:35:28.489  INFO 11276 --- [    Test worker] .b.t.c.SpringBootTestContextBootstrapper : Found @SpringBootConfiguration com.example.blogapi.BlogApiApplication for test class com.example.blogapi.articles.ArticleRepositoryTests
2024-02-10 20:35:28.490  INFO 11276 --- [    Test worker] b.t.a.o.j.DataJpaTestContextBootstrapper : Loaded default TestExecutionListener class names from location [META-INF/spring.factories]: [org.springframework.boot.test.autoconfigure.restdocs.RestDocsTestExecutionListener, org.springframework.boot.test.autoconfigure.web.client.MockRestServiceServerResetTestExecutionListener, org.springframework.boot.test.autoconfigure.web.servlet.MockMvcPrintOnlyOnFailureTestExecutionListener, org.springframework.boot.test.autoconfigure.web.servlet.WebDriverTestExecutionListener, org.springframework.boot.test.autoconfigure.webservices.client.MockWebServiceServerTestExecutionListener, org.springframework.boot.test.mock.mockito.MockitoTestExecutionListener, org.springframework.boot.test.mock.mockito.ResetMocksTestExecutionListener, org.springframework.test.context.web.ServletTestExecutionListener, org.springframework.test.context.support.DirtiesContextBeforeModesTestExecutionListener, org.springframework.test.context.event.ApplicationEventsTestExecutionListener, org.springframework.test.context.support.DependencyInjectionTestExecutionListener, org.springframework.test.context.support.DirtiesContextTestExecutionListener, org.springframework.test.context.transaction.TransactionalTestExecutionListener, org.springframework.test.context.jdbc.SqlScriptsTestExecutionListener, org.springframework.test.context.event.EventPublishingTestExecutionListener]
2024-02-10 20:35:28.491  INFO 11276 --- [    Test worker] b.t.a.o.j.DataJpaTestContextBootstrapper : Using TestExecutionListeners: [org.springframework.test.context.web.ServletTestExecutionListener@4fa3bebe, org.springframework.test.context.support.DirtiesContextBeforeModesTestExecutionListener@63767d, org.springframework.test.context.event.ApplicationEventsTestExecutionListener@6aa85fcf, org.springframework.boot.test.mock.mockito.MockitoTestExecutionListener@4c90fc3b, org.springframework.boot.test.autoconfigure.SpringBootDependencyInjectionTestExecutionListener@1e14ed59, org.springframework.test.context.support.DirtiesContextTestExecutionListener@5dfb078, org.springframework.test.context.transaction.TransactionalTestExecutionListener@2d21d12b, org.springframework.test.context.jdbc.SqlScriptsTestExecutionListener@669b8190, org.springframework.test.context.event.EventPublishingTestExecutionListener@5fdcc63f, org.springframework.boot.test.autoconfigure.restdocs.RestDocsTestExecutionListener@27f8f1cc, org.springframework.boot.test.autoconfigure.web.client.MockRestServiceServerResetTestExecutionListener@473c491, org.springframework.boot.test.autoconfigure.web.servlet.MockMvcPrintOnlyOnFailureTestExecutionListener@3ede428e, org.springframework.boot.test.autoconfigure.web.servlet.WebDriverTestExecutionListener@70a8654, org.springframework.boot.test.autoconfigure.webservices.client.MockWebServiceServerTestExecutionListener@671c71e8, org.springframework.boot.test.mock.mockito.ResetMocksTestExecutionListener@7d5176d6]

  .   ____          _            __ _ _
 /\\ / ___'_ __ _ _(_)_ __  __ _ \ \ \ \
( ( )\___ | '_ | '_| | '_ \/ _` | \ \ \ \
 \\/  ___)| |_)| | | | | || (_| |  ) ) ) )
  '  |____| .__|_| |_|_| |_\__, | / / / /
 =========|_|==============|___/=/_/_/_/
 :: Spring Boot ::                (v2.7.9)

2024-02-10 20:35:28.575  INFO 11276 --- [    Test worker] c.e.b.articles.ArticleRepositoryTests    : Starting ArticleRepositoryTests using Java 17.0.6 on DESKTOP-GTJ9E4R with PID 11276 (started by suhasini in D:\Scaler Notes\Project_Module_Backend\Project-Module-Feb-2023\blog-api)
2024-02-10 20:35:28.575  INFO 11276 --- [    Test worker] c.e.b.articles.ArticleRepositoryTests    : No active profile set, falling back to 1 default profile: "default"
2024-02-10 20:35:28.799  INFO 11276 --- [    Test worker] .s.d.r.c.RepositoryConfigurationDelegate : Bootstrapping Spring Data JPA repositories in DEFAULT mode.
2024-02-10 20:35:28.848  INFO 11276 --- [    Test worker] .s.d.r.c.RepositoryConfigurationDelegate : Finished Spring Data repository scanning in 49 ms. Found 4 JPA repository interfaces.
2024-02-10 20:35:28.872  INFO 11276 --- [    Test worker] beddedDataSourceBeanFactoryPostProcessor : Replacing 'dataSource' DataSource bean with embedded version
2024-02-10 20:35:28.966  INFO 11276 --- [    Test worker] o.s.j.d.e.EmbeddedDatabaseFactory        : Starting embedded database: url='jdbc:h2:mem:d6b65e79-3a47-41ff-ab29-607b6f30c0ff;DB_CLOSE_DELAY=-1;DB_CLOSE_ON_EXIT=false', username='sa'
2024-02-10 20:35:29.576  INFO 11276 --- [    Test worker] o.hibernate.jpa.internal.util.LogHelper  : HHH000204: Processing PersistenceUnitInfo [name: default]
2024-02-10 20:35:29.608  INFO 11276 --- [    Test worker] org.hibernate.dialect.Dialect            : HHH000400: Using dialect: org.hibernate.dialect.H2Dialect
Hibernate: 
    
    create table article_likes (
       article_id integer not null,
        user_id integer not null
    )
Hibernate: 
    
    create table articles (
       id integer not null,
        created_at timestamp,
        body varchar(8000) not null,
        title varchar(200) not null,
        author_id integer,
        primary key (id)
    )
Hibernate: 
    
    create table articles_comment_entity_list (
       articles_id integer not null,
        comment_entity_list_id integer not null
    )
Hibernate: 
    
    create table auth_token_entity (
       id binary(255) not null,
        user_id integer,
        primary key (id)
    )
Hibernate: 
    
    create table comments (
       id integer not null,
        created_at timestamp,
        body varchar(1000),
        author_id integer,
        primary key (id)
    )
Hibernate: 
    
    create table user_follows (
       follower_id integer not null,
        following_id integer not null
    )
Hibernate: 
    
    create table users (
       id integer not null,
        created_at timestamp,
        bio varchar(255),
        email varchar(255),
        image varchar(255),
        password varchar(255),
        username varchar(50) not null,
        primary key (id)
    )
Hibernate: 
    
    alter table articles_comment_entity_list 
       drop constraint if exists UK_4rcitc670jox897kqfmoc9vm4
Hibernate: 
    
    alter table articles_comment_entity_list 
       add constraint UK_4rcitc670jox897kqfmoc9vm4 unique (comment_entity_list_id)
Hibernate: 
    
    alter table users 
       drop constraint if exists UK_r43af9ap4edm43mmtq01oddj6
Hibernate: 
    
    alter table users 
       add constraint UK_r43af9ap4edm43mmtq01oddj6 unique (username)
Hibernate: create sequence hibernate_sequence start with 1 increment by 1
Hibernate: 
    
    alter table article_likes 
       add constraint FKbtkgmxfbjkfelv3v7ty6mo3n8 
       foreign key (user_id) 
       references users
Hibernate: 
    
    alter table article_likes 
       add constraint FKq68u12nmkwf7j0k72bg711amn 
       foreign key (article_id) 
       references articles
Hibernate: 
    
    alter table articles 
       add constraint FKe02fs2ut6qqoabfhj325wcjul 
       foreign key (author_id) 
       references users
Hibernate: 
    
    alter table articles_comment_entity_list 
       add constraint FKgoy703utqmxeqr2sxk1vey5gr 
       foreign key (comment_entity_list_id) 
       references comments
Hibernate: 
    
    alter table articles_comment_entity_list 
       add constraint FKsrra8mvyou57jwuna1y3qhlrk 
       foreign key (articles_id) 
       references articles
Hibernate: 
    
    alter table auth_token_entity 
       add constraint FKq7ryhn4s816yo7q0lxtnay84h 
       foreign key (user_id) 
       references users
Hibernate: 
    
    alter table comments 
       add constraint FKn2na60ukhs76ibtpt9burkm27 
       foreign key (author_id) 
       references users
Hibernate: 
    
    alter table user_follows 
       add constraint FKp1rxuw1ulwo6mu84qaajuttrk 
       foreign key (following_id) 
       references users
Hibernate: 
    
    alter table user_follows 
       add constraint FKqx9mu1fniaua5jfe1cdyspxdt 
       foreign key (follower_id) 
       references users
2024-02-10 20:35:29.988  INFO 11276 --- [    Test worker] o.h.e.t.j.p.i.JtaPlatformInitiator       : HHH000490: Using JtaPlatform implementation: [org.hibernate.engine.transaction.jta.platform.internal.NoJtaPlatform]
2024-02-10 20:35:29.989  INFO 11276 --- [    Test worker] j.LocalContainerEntityManagerFactoryBean : Initialized JPA EntityManagerFactory for persistence unit 'default'
2024-02-10 20:35:30.462  INFO 11276 --- [    Test worker] c.e.b.articles.ArticleRepositoryTests    : Started ArticleRepositoryTests in 1.965 seconds (JVM running for 15.469)
2024-02-10 20:35:30.496  INFO 11276 --- [    Test worker] o.s.t.c.transaction.TransactionContext   : Began transaction (1) for test context [DefaultTestContext@54464330 testClass = ArticleRepositoryTests, testInstance = com.example.blogapi.articles.ArticleRepositoryTests@63b4a896, testMethod = findByAuthorId@ArticleRepositoryTests, testException = [null], mergedContextConfiguration = [MergedContextConfiguration@3feeab43 testClass = ArticleRepositoryTests, locations = '{}', classes = '{class com.example.blogapi.BlogApiApplication}', contextInitializerClasses = '[]', activeProfiles = '{}', propertySourceLocations = '{}', propertySourceProperties = '{org.springframework.boot.test.autoconfigure.orm.jpa.DataJpaTestContextBootstrapper=true}', contextCustomizers = set[org.springframework.boot.test.autoconfigure.OverrideAutoConfigurationContextCustomizerFactory$DisableAutoConfigurationContextCustomizer@1ab780fd, org.springframework.boot.test.autoconfigure.actuate.metrics.MetricsExportContextCustomizerFactory$DisableMetricExportContextCustomizer@1477089c, org.springframework.boot.test.autoconfigure.filter.TypeExcludeFiltersContextCustomizer@351584c0, org.springframework.boot.test.autoconfigure.properties.PropertyMappingContextCustomizer@bcfe9851, org.springframework.boot.test.autoconfigure.web.servlet.WebDriverContextCustomizerFactory$Customizer@767e20cf, [ImportsContextCustomizer@6178ac9d key = [org.springframework.boot.autoconfigure.cache.CacheAutoConfiguration, org.springframework.boot.autoconfigure.data.jpa.JpaRepositoriesAutoConfiguration, org.springframework.boot.autoconfigure.flyway.FlywayAutoConfiguration, org.springframework.boot.autoconfigure.jdbc.DataSourceAutoConfiguration, org.springframework.boot.autoconfigure.jdbc.DataSourceTransactionManagerAutoConfiguration, org.springframework.boot.autoconfigure.jdbc.JdbcTemplateAutoConfiguration, org.springframework.boot.autoconfigure.liquibase.LiquibaseAutoConfiguration, org.springframework.boot.autoconfigure.orm.jpa.HibernateJpaAutoConfiguration, org.springframework.boot.autoconfigure.sql.init.SqlInitializationAutoConfiguration, org.springframework.boot.autoconfigure.transaction.TransactionAutoConfiguration, org.springframework.boot.test.autoconfigure.jdbc.TestDatabaseAutoConfiguration, org.springframework.boot.test.autoconfigure.orm.jpa.TestEntityManagerAutoConfiguration]], org.springframework.boot.test.context.filter.ExcludeFilterContextCustomizer@17a1e4ca, org.springframework.boot.test.json.DuplicateJsonObjectContextCustomizerFactory$DuplicateJsonObjectContextCustomizer@340b9973, org.springframework.boot.test.mock.mockito.MockitoContextCustomizer@0, org.springframework.boot.test.context.SpringBootTestArgs@1, org.springframework.boot.test.context.SpringBootTestWebEnvironment@0], contextLoader = 'org.springframework.boot.test.context.SpringBootContextLoader', parent = [null]], attributes = map['org.springframework.test.context.event.ApplicationEventsTestExecutionListener.recordApplicationEvents' -> false]]; transaction manager [org.springframework.orm.jpa.JpaTransactionManager@46c28400]; rollback [true]
Hibernate: 
    call next value for hibernate_sequence
Hibernate: 
    call next value for hibernate_sequence
Hibernate: 
    /* insert com.example.blogapi.users.UserEntity
        */ insert 
        into
            users
            (created_at, bio, email, image, password, username, id) 
        values
            (?, ?, ?, ?, ?, ?, ?)
Hibernate: 
    /* insert com.example.blogapi.articles.ArticleEntity
        */ insert 
        into
            articles
            (created_at, author_id, body, title, id) 
        values
            (?, ?, ?, ?, ?)
Hibernate: 
    /* select
        generatedAlias0 
    from
        articles as generatedAlias0 
    left join
        generatedAlias0.author as generatedAlias1 
    where
        generatedAlias1.id=:param0 */ select
            articleent0_.id as id1_1_,
            articleent0_.created_at as created_2_1_,
            articleent0_.author_id as author_i5_1_,
            articleent0_.body as body3_1_,
            articleent0_.title as title4_1_ 
        from
            articles articleent0_ 
        left outer join
            users userentity1_ 
                on articleent0_.author_id=userentity1_.id 
        where
            userentity1_.id=?
2024-02-10 20:35:31.043  INFO 11276 --- [    Test worker] o.s.t.c.transaction.TransactionContext   : Rolled back transaction for test: [DefaultTestContext@54464330 testClass = ArticleRepositoryTests, testInstance = com.example.blogapi.articles.ArticleRepositoryTests@63b4a896, testMethod = findByAuthorId@ArticleRepositoryTests, testException = [null], mergedContextConfiguration = [MergedContextConfiguration@3feeab43 testClass = ArticleRepositoryTests, locations = '{}', classes = '{class com.example.blogapi.BlogApiApplication}', contextInitializerClasses = '[]', activeProfiles = '{}', propertySourceLocations = '{}', propertySourceProperties = '{org.springframework.boot.test.autoconfigure.orm.jpa.DataJpaTestContextBootstrapper=true}', contextCustomizers = set[org.springframework.boot.test.autoconfigure.OverrideAutoConfigurationContextCustomizerFactory$DisableAutoConfigurationContextCustomizer@1ab780fd, org.springframework.boot.test.autoconfigure.actuate.metrics.MetricsExportContextCustomizerFactory$DisableMetricExportContextCustomizer@1477089c, org.springframework.boot.test.autoconfigure.filter.TypeExcludeFiltersContextCustomizer@351584c0, org.springframework.boot.test.autoconfigure.properties.PropertyMappingContextCustomizer@bcfe9851, org.springframework.boot.test.autoconfigure.web.servlet.WebDriverContextCustomizerFactory$Customizer@767e20cf, [ImportsContextCustomizer@6178ac9d key = [org.springframework.boot.autoconfigure.cache.CacheAutoConfiguration, org.springframework.boot.autoconfigure.data.jpa.JpaRepositoriesAutoConfiguration, org.springframework.boot.autoconfigure.flyway.FlywayAutoConfiguration, org.springframework.boot.autoconfigure.jdbc.DataSourceAutoConfiguration, org.springframework.boot.autoconfigure.jdbc.DataSourceTransactionManagerAutoConfiguration, org.springframework.boot.autoconfigure.jdbc.JdbcTemplateAutoConfiguration, org.springframework.boot.autoconfigure.liquibase.LiquibaseAutoConfiguration, org.springframework.boot.autoconfigure.orm.jpa.HibernateJpaAutoConfiguration, org.springframework.boot.autoconfigure.sql.init.SqlInitializationAutoConfiguration, org.springframework.boot.autoconfigure.transaction.TransactionAutoConfiguration, org.springframework.boot.test.autoconfigure.jdbc.TestDatabaseAutoConfiguration, org.springframework.boot.test.autoconfigure.orm.jpa.TestEntityManagerAutoConfiguration]], org.springframework.boot.test.context.filter.ExcludeFilterContextCustomizer@17a1e4ca, org.springframework.boot.test.json.DuplicateJsonObjectContextCustomizerFactory$DuplicateJsonObjectContextCustomizer@340b9973, org.springframework.boot.test.mock.mockito.MockitoContextCustomizer@0, org.springframework.boot.test.context.SpringBootTestArgs@1, org.springframework.boot.test.context.SpringBootTestWebEnvironment@0], contextLoader = 'org.springframework.boot.test.context.SpringBootContextLoader', parent = [null]], attributes = map['org.springframework.test.context.event.ApplicationEventsTestExecutionListener.recordApplicationEvents' -> false]]
]]></system-out>
  <system-err><![CDATA[]]></system-err>
</testsuite>
