<?xml version="1.0" encoding="UTF-8"?>
<testsuite name="com.example.blogapi.BlogApiApplicationTests" tests="1" skipped="0" failures="0" errors="0" timestamp="2024-02-10T15:05:27" hostname="DESKTOP-GTJ9E4R" time="0.459">
  <properties/>
  <testcase name="contextLoads()" classname="com.example.blogapi.BlogApiApplicationTests" time="0.459"/>
  <system-out><![CDATA[20:35:16.805 [Test worker] DEBUG org.springframework.test.context.BootstrapUtils - Instantiating CacheAwareContextLoaderDelegate from class [org.springframework.test.context.cache.DefaultCacheAwareContextLoaderDelegate]
20:35:16.830 [Test worker] DEBUG org.springframework.test.context.BootstrapUtils - Instantiating BootstrapContext using constructor [public org.springframework.test.context.support.DefaultBootstrapContext(java.lang.Class,org.springframework.test.context.CacheAwareContextLoaderDelegate)]
20:35:16.912 [Test worker] DEBUG org.springframework.test.context.BootstrapUtils - Instantiating TestContextBootstrapper for test class [com.example.blogapi.BlogApiApplicationTests] from class [org.springframework.boot.test.context.SpringBootTestContextBootstrapper]
20:35:16.941 [Test worker] INFO org.springframework.boot.test.context.SpringBootTestContextBootstrapper - Neither @ContextConfiguration nor @ContextHierarchy found for test class [com.example.blogapi.BlogApiApplicationTests], using SpringBootContextLoader
20:35:16.949 [Test worker] DEBUG org.springframework.test.context.support.AbstractContextLoader - Did not detect default resource location for test class [com.example.blogapi.BlogApiApplicationTests]: class path resource [com/example/blogapi/BlogApiApplicationTests-context.xml] does not exist
20:35:16.950 [Test worker] DEBUG org.springframework.test.context.support.AbstractContextLoader - Did not detect default resource location for test class [com.example.blogapi.BlogApiApplicationTests]: class path resource [com/example/blogapi/BlogApiApplicationTestsContext.groovy] does not exist
20:35:16.950 [Test worker] INFO org.springframework.test.context.support.AbstractContextLoader - Could not detect default resource locations for test class [com.example.blogapi.BlogApiApplicationTests]: no resource found for suffixes {-context.xml, Context.groovy}.
20:35:16.951 [Test worker] INFO org.springframework.test.context.support.AnnotationConfigContextLoaderUtils - Could not detect default configuration classes for test class [com.example.blogapi.BlogApiApplicationTests]: BlogApiApplicationTests does not declare any static, non-private, non-final, nested classes annotated with @Configuration.
20:35:17.026 [Test worker] DEBUG org.springframework.test.context.support.ActiveProfilesUtils - Could not find an 'annotation declaring class' for annotation type [org.springframework.test.context.ActiveProfiles] and class [com.example.blogapi.BlogApiApplicationTests]
20:35:17.127 [Test worker] DEBUG org.springframework.context.annotation.ClassPathScanningCandidateComponentProvider - Identified candidate component class: file [D:\Scaler Notes\Project_Module_Backend\Project-Module-Feb-2023\blog-api\build\classes\java\main\com\example\blogapi\BlogApiApplication.class]
20:35:17.142 [Test worker] INFO org.springframework.boot.test.context.SpringBootTestContextBootstrapper - Found @SpringBootConfiguration com.example.blogapi.BlogApiApplication for test class com.example.blogapi.BlogApiApplicationTests
20:35:17.306 [Test worker] DEBUG org.springframework.boot.test.context.SpringBootTestContextBootstrapper - @TestExecutionListeners is not present for class [com.example.blogapi.BlogApiApplicationTests]: using defaults.
20:35:17.307 [Test worker] INFO org.springframework.boot.test.context.SpringBootTestContextBootstrapper - Loaded default TestExecutionListener class names from location [META-INF/spring.factories]: [org.springframework.boot.test.autoconfigure.restdocs.RestDocsTestExecutionListener, org.springframework.boot.test.autoconfigure.web.client.MockRestServiceServerResetTestExecutionListener, org.springframework.boot.test.autoconfigure.web.servlet.MockMvcPrintOnlyOnFailureTestExecutionListener, org.springframework.boot.test.autoconfigure.web.servlet.WebDriverTestExecutionListener, org.springframework.boot.test.autoconfigure.webservices.client.MockWebServiceServerTestExecutionListener, org.springframework.boot.test.mock.mockito.MockitoTestExecutionListener, org.springframework.boot.test.mock.mockito.ResetMocksTestExecutionListener, org.springframework.test.context.web.ServletTestExecutionListener, org.springframework.test.context.support.DirtiesContextBeforeModesTestExecutionListener, org.springframework.test.context.event.ApplicationEventsTestExecutionListener, org.springframework.test.context.support.DependencyInjectionTestExecutionListener, org.springframework.test.context.support.DirtiesContextTestExecutionListener, org.springframework.test.context.transaction.TransactionalTestExecutionListener, org.springframework.test.context.jdbc.SqlScriptsTestExecutionListener, org.springframework.test.context.event.EventPublishingTestExecutionListener]
20:35:17.333 [Test worker] INFO org.springframework.boot.test.context.SpringBootTestContextBootstrapper - Using TestExecutionListeners: [org.springframework.test.context.web.ServletTestExecutionListener@2b52c0d6, org.springframework.test.context.support.DirtiesContextBeforeModesTestExecutionListener@372ea2bc, org.springframework.test.context.event.ApplicationEventsTestExecutionListener@4cc76301, org.springframework.boot.test.mock.mockito.MockitoTestExecutionListener@2f08c4b, org.springframework.boot.test.autoconfigure.SpringBootDependencyInjectionTestExecutionListener@3f19b8b3, org.springframework.test.context.support.DirtiesContextTestExecutionListener@7de0c6ae, org.springframework.test.context.transaction.TransactionalTestExecutionListener@a486d78, org.springframework.test.context.jdbc.SqlScriptsTestExecutionListener@cdc3aae, org.springframework.test.context.event.EventPublishingTestExecutionListener@7ef2d7a6, org.springframework.boot.test.autoconfigure.restdocs.RestDocsTestExecutionListener@5dcbb60, org.springframework.boot.test.autoconfigure.web.client.MockRestServiceServerResetTestExecutionListener@4c36250e, org.springframework.boot.test.autoconfigure.web.servlet.MockMvcPrintOnlyOnFailureTestExecutionListener@21526f6c, org.springframework.boot.test.autoconfigure.web.servlet.WebDriverTestExecutionListener@49f5c307, org.springframework.boot.test.autoconfigure.webservices.client.MockWebServiceServerTestExecutionListener@299266e2, org.springframework.boot.test.mock.mockito.ResetMocksTestExecutionListener@5471388b]
20:35:17.339 [Test worker] DEBUG org.springframework.test.context.support.AbstractDirtiesContextTestExecutionListener - Before test class: context [DefaultTestContext@47428937 testClass = BlogApiApplicationTests, testInstance = [null], testMethod = [null], testException = [null], mergedContextConfiguration = [WebMergedContextConfiguration@3b9d6699 testClass = BlogApiApplicationTests, locations = '{}', classes = '{class com.example.blogapi.BlogApiApplication}', contextInitializerClasses = '[]', activeProfiles = '{}', propertySourceLocations = '{}', propertySourceProperties = '{org.springframework.boot.test.context.SpringBootTestContextBootstrapper=true}', contextCustomizers = set[org.springframework.boot.test.autoconfigure.actuate.metrics.MetricsExportContextCustomizerFactory$DisableMetricExportContextCustomizer@1477089c, org.springframework.boot.test.autoconfigure.properties.PropertyMappingContextCustomizer@0, org.springframework.boot.test.autoconfigure.web.servlet.WebDriverContextCustomizerFactory$Customizer@767e20cf, org.springframework.boot.test.context.filter.ExcludeFilterContextCustomizer@17a1e4ca, org.springframework.boot.test.json.DuplicateJsonObjectContextCustomizerFactory$DuplicateJsonObjectContextCustomizer@340b9973, org.springframework.boot.test.mock.mockito.MockitoContextCustomizer@0, org.springframework.boot.test.web.client.TestRestTemplateContextCustomizer@42463763, org.springframework.boot.test.context.SpringBootTestArgs@1, org.springframework.boot.test.context.SpringBootTestWebEnvironment@2fb3536e], resourceBasePath = 'src/main/webapp', contextLoader = 'org.springframework.boot.test.context.SpringBootContextLoader', parent = [null]], attributes = map['org.springframework.test.context.web.ServletTestExecutionListener.activateListener' -> true]], class annotated with @DirtiesContext [false] with mode [null].

  .   ____          _            __ _ _
 /\\ / ___'_ __ _ _(_)_ __  __ _ \ \ \ \
( ( )\___ | '_ | '_| | '_ \/ _` | \ \ \ \
 \\/  ___)| |_)| | | | | || (_| |  ) ) ) )
  '  |____| .__|_| |_|_| |_\__, | / / / /
 =========|_|==============|___/=/_/_/_/
 :: Spring Boot ::                (v2.7.9)

2024-02-10 20:35:18.158  INFO 11276 --- [    Test worker] c.e.blogapi.BlogApiApplicationTests      : Starting BlogApiApplicationTests using Java 17.0.6 on DESKTOP-GTJ9E4R with PID 11276 (started by suhasini in D:\Scaler Notes\Project_Module_Backend\Project-Module-Feb-2023\blog-api)
2024-02-10 20:35:18.159  INFO 11276 --- [    Test worker] c.e.blogapi.BlogApiApplicationTests      : No active profile set, falling back to 1 default profile: "default"
2024-02-10 20:35:19.419  INFO 11276 --- [    Test worker] .s.d.r.c.RepositoryConfigurationDelegate : Bootstrapping Spring Data JPA repositories in DEFAULT mode.
2024-02-10 20:35:19.562  INFO 11276 --- [    Test worker] .s.d.r.c.RepositoryConfigurationDelegate : Finished Spring Data repository scanning in 129 ms. Found 4 JPA repository interfaces.
2024-02-10 20:35:20.774  INFO 11276 --- [    Test worker] o.hibernate.jpa.internal.util.LogHelper  : HHH000204: Processing PersistenceUnitInfo [name: default]
2024-02-10 20:35:20.904  INFO 11276 --- [    Test worker] org.hibernate.Version                    : HHH000412: Hibernate ORM core version 5.6.15.Final
2024-02-10 20:35:21.260  INFO 11276 --- [    Test worker] o.hibernate.annotations.common.Version   : HCANN000001: Hibernate Commons Annotations {5.1.2.Final}
2024-02-10 20:35:21.477  INFO 11276 --- [    Test worker] com.zaxxer.hikari.HikariDataSource       : HikariPool-1 - Starting...
2024-02-10 20:35:21.868  INFO 11276 --- [    Test worker] com.zaxxer.hikari.HikariDataSource       : HikariPool-1 - Start completed.
2024-02-10 20:35:21.928  INFO 11276 --- [    Test worker] org.hibernate.dialect.Dialect            : HHH000400: Using dialect: org.hibernate.dialect.PostgreSQL10Dialect
2024-02-10 20:35:23.975  INFO 11276 --- [    Test worker] o.h.e.t.j.p.i.JtaPlatformInitiator       : HHH000490: Using JtaPlatform implementation: [org.hibernate.engine.transaction.jta.platform.internal.NoJtaPlatform]
2024-02-10 20:35:23.999  INFO 11276 --- [    Test worker] j.LocalContainerEntityManagerFactoryBean : Initialized JPA EntityManagerFactory for persistence unit 'default'
2024-02-10 20:35:25.468  WARN 11276 --- [    Test worker] JpaBaseConfiguration$JpaWebConfiguration : spring.jpa.open-in-view is enabled by default. Therefore, database queries may be performed during view rendering. Explicitly configure spring.jpa.open-in-view to disable this warning
2024-02-10 20:35:25.617  WARN 11276 --- [    Test worker] .s.s.UserDetailsServiceAutoConfiguration : 

Using generated security password: 32be51fd-597f-4422-92fa-9585401e1a63

This generated password is for development use only. Your security configuration must be updated before running your application in production.

2024-02-10 20:35:26.811  INFO 11276 --- [    Test worker] o.s.s.web.DefaultSecurityFilterChain     : Will secure any request with [org.springframework.security.web.session.DisableEncodeUrlFilter@19d3f4fb, org.springframework.security.web.context.request.async.WebAsyncManagerIntegrationFilter@43cf97a8, org.springframework.security.web.context.SecurityContextPersistenceFilter@242ebd3b, org.springframework.security.web.header.HeaderWriterFilter@598f1faf, org.springframework.web.filter.CorsFilter@5c1ea00, org.springframework.security.web.authentication.logout.LogoutFilter@1dbf727a, org.springframework.security.web.savedrequest.RequestCacheAwareFilter@4a0ee0ba, org.springframework.security.web.servletapi.SecurityContextHolderAwareRequestFilter@2569afda, com.example.blogapi.security.jwt.JWTAuthenticationFilter@356ab368, com.example.blogapi.security.authtokens.AuthTokenAuthenticationFilter@3398ed12, org.springframework.security.web.authentication.AnonymousAuthenticationFilter@c555e1e, org.springframework.security.web.session.SessionManagementFilter@7a2ffb0b, org.springframework.security.web.access.ExceptionTranslationFilter@209b4b35, org.springframework.security.web.access.intercept.FilterSecurityInterceptor@5b49b1df]
2024-02-10 20:35:27.908  INFO 11276 --- [    Test worker] c.e.blogapi.BlogApiApplicationTests      : Started BlogApiApplicationTests in 10.5 seconds (JVM running for 12.915)
]]></system-out>
  <system-err><![CDATA[]]></system-err>
</testsuite>
