<?xml version="1.0" encoding="UTF-8"?>
<testsuite name="com.example.blogapi.profiles.ProfileServiceTests" tests="2" skipped="0" failures="0" errors="0" timestamp="2024-02-10T15:05:33" hostname="DESKTOP-GTJ9E4R" time="0.379">
  <properties/>
  <testcase name="getAllProfiles()" classname="com.example.blogapi.profiles.ProfileServiceTests" time="0.184"/>
  <testcase name="getProfileByUsername()" classname="com.example.blogapi.profiles.ProfileServiceTests" time="0.192"/>
  <system-out><![CDATA[2024-02-10 20:35:33.228  INFO 11276 --- [    Test worker] b.t.a.o.j.DataJpaTestContextBootstrapper : Neither @ContextConfiguration nor @ContextHierarchy found for test class [com.example.blogapi.profiles.ProfileServiceTests], using SpringBootContextLoader
2024-02-10 20:35:33.231  INFO 11276 --- [    Test worker] o.s.t.c.support.AbstractContextLoader    : Could not detect default resource locations for test class [com.example.blogapi.profiles.ProfileServiceTests]: no resource found for suffixes {-context.xml, Context.groovy}.
2024-02-10 20:35:33.232  INFO 11276 --- [    Test worker] t.c.s.AnnotationConfigContextLoaderUtils : Could not detect default configuration classes for test class [com.example.blogapi.profiles.ProfileServiceTests]: ProfileServiceTests does not declare any static, non-private, non-final, nested classes annotated with @Configuration.
2024-02-10 20:35:33.249  INFO 11276 --- [    Test worker] .b.t.c.SpringBootTestContextBootstrapper : Found @SpringBootConfiguration com.example.blogapi.BlogApiApplication for test class com.example.blogapi.profiles.ProfileServiceTests
2024-02-10 20:35:33.251  INFO 11276 --- [    Test worker] b.t.a.o.j.DataJpaTestContextBootstrapper : Loaded default TestExecutionListener class names from location [META-INF/spring.factories]: [org.springframework.boot.test.autoconfigure.restdocs.RestDocsTestExecutionListener, org.springframework.boot.test.autoconfigure.web.client.MockRestServiceServerResetTestExecutionListener, org.springframework.boot.test.autoconfigure.web.servlet.MockMvcPrintOnlyOnFailureTestExecutionListener, org.springframework.boot.test.autoconfigure.web.servlet.WebDriverTestExecutionListener, org.springframework.boot.test.autoconfigure.webservices.client.MockWebServiceServerTestExecutionListener, org.springframework.boot.test.mock.mockito.MockitoTestExecutionListener, org.springframework.boot.test.mock.mockito.ResetMocksTestExecutionListener, org.springframework.test.context.web.ServletTestExecutionListener, org.springframework.test.context.support.DirtiesContextBeforeModesTestExecutionListener, org.springframework.test.context.event.ApplicationEventsTestExecutionListener, org.springframework.test.context.support.DependencyInjectionTestExecutionListener, org.springframework.test.context.support.DirtiesContextTestExecutionListener, org.springframework.test.context.transaction.TransactionalTestExecutionListener, org.springframework.test.context.jdbc.SqlScriptsTestExecutionListener, org.springframework.test.context.event.EventPublishingTestExecutionListener]
2024-02-10 20:35:33.252  INFO 11276 --- [    Test worker] b.t.a.o.j.DataJpaTestContextBootstrapper : Using TestExecutionListeners: [org.springframework.test.context.web.ServletTestExecutionListener@28833fff, org.springframework.test.context.support.DirtiesContextBeforeModesTestExecutionListener@1c1ee02b, org.springframework.test.context.event.ApplicationEventsTestExecutionListener@3868c92e, org.springframework.boot.test.mock.mockito.MockitoTestExecutionListener@5fd0235c, org.springframework.boot.test.autoconfigure.SpringBootDependencyInjectionTestExecutionListener@6e1d939e, org.springframework.test.context.support.DirtiesContextTestExecutionListener@56929ce, org.springframework.test.context.transaction.TransactionalTestExecutionListener@7bb6a1f4, org.springframework.test.context.jdbc.SqlScriptsTestExecutionListener@25a2a71d, org.springframework.test.context.event.EventPublishingTestExecutionListener@27215154, org.springframework.boot.test.autoconfigure.restdocs.RestDocsTestExecutionListener@6bca3b27, org.springframework.boot.test.autoconfigure.web.client.MockRestServiceServerResetTestExecutionListener@25bd8eab, org.springframework.boot.test.autoconfigure.web.servlet.MockMvcPrintOnlyOnFailureTestExecutionListener@15974f4e, org.springframework.boot.test.autoconfigure.web.servlet.WebDriverTestExecutionListener@38911759, org.springframework.boot.test.autoconfigure.webservices.client.MockWebServiceServerTestExecutionListener@2b8106f, org.springframework.boot.test.mock.mockito.ResetMocksTestExecutionListener@4b391e45]
2024-02-10 20:35:33.260  INFO 11276 --- [    Test worker] o.s.t.c.transaction.TransactionContext   : Began transaction (1) for test context [DefaultTestContext@15d18b61 testClass = ProfileServiceTests, testInstance = com.example.blogapi.profiles.ProfileServiceTests@2fba15c5, testMethod = getAllProfiles@ProfileServiceTests, testException = [null], mergedContextConfiguration = [MergedContextConfiguration@7ae5f795 testClass = ProfileServiceTests, locations = '{}', classes = '{class com.example.blogapi.BlogApiApplication}', contextInitializerClasses = '[]', activeProfiles = '{}', propertySourceLocations = '{}', propertySourceProperties = '{org.springframework.boot.test.autoconfigure.orm.jpa.DataJpaTestContextBootstrapper=true}', contextCustomizers = set[org.springframework.boot.test.autoconfigure.OverrideAutoConfigurationContextCustomizerFactory$DisableAutoConfigurationContextCustomizer@1ab780fd, org.springframework.boot.test.autoconfigure.actuate.metrics.MetricsExportContextCustomizerFactory$DisableMetricExportContextCustomizer@1477089c, org.springframework.boot.test.autoconfigure.filter.TypeExcludeFiltersContextCustomizer@351584c0, org.springframework.boot.test.autoconfigure.properties.PropertyMappingContextCustomizer@bcfe9851, org.springframework.boot.test.autoconfigure.web.servlet.WebDriverContextCustomizerFactory$Customizer@767e20cf, [ImportsContextCustomizer@2787abe4 key = [org.springframework.boot.autoconfigure.cache.CacheAutoConfiguration, org.springframework.boot.autoconfigure.data.jpa.JpaRepositoriesAutoConfiguration, org.springframework.boot.autoconfigure.flyway.FlywayAutoConfiguration, org.springframework.boot.autoconfigure.jdbc.DataSourceAutoConfiguration, org.springframework.boot.autoconfigure.jdbc.DataSourceTransactionManagerAutoConfiguration, org.springframework.boot.autoconfigure.jdbc.JdbcTemplateAutoConfiguration, org.springframework.boot.autoconfigure.liquibase.LiquibaseAutoConfiguration, org.springframework.boot.autoconfigure.orm.jpa.HibernateJpaAutoConfiguration, org.springframework.boot.autoconfigure.sql.init.SqlInitializationAutoConfiguration, org.springframework.boot.autoconfigure.transaction.TransactionAutoConfiguration, org.springframework.boot.test.autoconfigure.jdbc.TestDatabaseAutoConfiguration, org.springframework.boot.test.autoconfigure.orm.jpa.TestEntityManagerAutoConfiguration]], org.springframework.boot.test.context.filter.ExcludeFilterContextCustomizer@17a1e4ca, org.springframework.boot.test.json.DuplicateJsonObjectContextCustomizerFactory$DuplicateJsonObjectContextCustomizer@340b9973, org.springframework.boot.test.mock.mockito.MockitoContextCustomizer@0, org.springframework.boot.test.context.SpringBootTestArgs@1, org.springframework.boot.test.context.SpringBootTestWebEnvironment@0], contextLoader = 'org.springframework.boot.test.context.SpringBootContextLoader', parent = [null]], attributes = map['org.springframework.test.context.event.ApplicationEventsTestExecutionListener.recordApplicationEvents' -> false]]; transaction manager [org.springframework.orm.jpa.JpaTransactionManager@46c28400]; rollback [true]
Hibernate: 
    /* select
        generatedAlias0 
    from
        users as generatedAlias0 
    where
        generatedAlias0.username=:param0 */ select
            userentity0_.id as id1_6_,
            userentity0_.created_at as created_2_6_,
            userentity0_.bio as bio3_6_,
            userentity0_.email as email4_6_,
            userentity0_.image as image5_6_,
            userentity0_.password as password6_6_,
            userentity0_.username as username7_6_ 
        from
            users userentity0_ 
        where
            userentity0_.username=?
Hibernate: 
    call next value for hibernate_sequence
Hibernate: 
    /* insert com.example.blogapi.users.UserEntity
        */ insert 
        into
            users
            (created_at, bio, email, image, password, username, id) 
        values
            (?, ?, ?, ?, ?, ?, ?)
Hibernate: 
    /* select
        generatedAlias0 
    from
        users as generatedAlias0 */ select
            userentity0_.id as id1_6_,
            userentity0_.created_at as created_2_6_,
            userentity0_.bio as bio3_6_,
            userentity0_.email as email4_6_,
            userentity0_.image as image5_6_,
            userentity0_.password as password6_6_,
            userentity0_.username as username7_6_ 
        from
            users userentity0_
2024-02-10 20:35:33.441  INFO 11276 --- [    Test worker] o.s.t.c.transaction.TransactionContext   : Rolled back transaction for test: [DefaultTestContext@15d18b61 testClass = ProfileServiceTests, testInstance = com.example.blogapi.profiles.ProfileServiceTests@2fba15c5, testMethod = getAllProfiles@ProfileServiceTests, testException = [null], mergedContextConfiguration = [MergedContextConfiguration@7ae5f795 testClass = ProfileServiceTests, locations = '{}', classes = '{class com.example.blogapi.BlogApiApplication}', contextInitializerClasses = '[]', activeProfiles = '{}', propertySourceLocations = '{}', propertySourceProperties = '{org.springframework.boot.test.autoconfigure.orm.jpa.DataJpaTestContextBootstrapper=true}', contextCustomizers = set[org.springframework.boot.test.autoconfigure.OverrideAutoConfigurationContextCustomizerFactory$DisableAutoConfigurationContextCustomizer@1ab780fd, org.springframework.boot.test.autoconfigure.actuate.metrics.MetricsExportContextCustomizerFactory$DisableMetricExportContextCustomizer@1477089c, org.springframework.boot.test.autoconfigure.filter.TypeExcludeFiltersContextCustomizer@351584c0, org.springframework.boot.test.autoconfigure.properties.PropertyMappingContextCustomizer@bcfe9851, org.springframework.boot.test.autoconfigure.web.servlet.WebDriverContextCustomizerFactory$Customizer@767e20cf, [ImportsContextCustomizer@2787abe4 key = [org.springframework.boot.autoconfigure.cache.CacheAutoConfiguration, org.springframework.boot.autoconfigure.data.jpa.JpaRepositoriesAutoConfiguration, org.springframework.boot.autoconfigure.flyway.FlywayAutoConfiguration, org.springframework.boot.autoconfigure.jdbc.DataSourceAutoConfiguration, org.springframework.boot.autoconfigure.jdbc.DataSourceTransactionManagerAutoConfiguration, org.springframework.boot.autoconfigure.jdbc.JdbcTemplateAutoConfiguration, org.springframework.boot.autoconfigure.liquibase.LiquibaseAutoConfiguration, org.springframework.boot.autoconfigure.orm.jpa.HibernateJpaAutoConfiguration, org.springframework.boot.autoconfigure.sql.init.SqlInitializationAutoConfiguration, org.springframework.boot.autoconfigure.transaction.TransactionAutoConfiguration, org.springframework.boot.test.autoconfigure.jdbc.TestDatabaseAutoConfiguration, org.springframework.boot.test.autoconfigure.orm.jpa.TestEntityManagerAutoConfiguration]], org.springframework.boot.test.context.filter.ExcludeFilterContextCustomizer@17a1e4ca, org.springframework.boot.test.json.DuplicateJsonObjectContextCustomizerFactory$DuplicateJsonObjectContextCustomizer@340b9973, org.springframework.boot.test.mock.mockito.MockitoContextCustomizer@0, org.springframework.boot.test.context.SpringBootTestArgs@1, org.springframework.boot.test.context.SpringBootTestWebEnvironment@0], contextLoader = 'org.springframework.boot.test.context.SpringBootContextLoader', parent = [null]], attributes = map['org.springframework.test.context.event.ApplicationEventsTestExecutionListener.recordApplicationEvents' -> false]]
2024-02-10 20:35:33.449  INFO 11276 --- [    Test worker] o.s.t.c.transaction.TransactionContext   : Began transaction (1) for test context [DefaultTestContext@15d18b61 testClass = ProfileServiceTests, testInstance = com.example.blogapi.profiles.ProfileServiceTests@11034fdb, testMethod = getProfileByUsername@ProfileServiceTests, testException = [null], mergedContextConfiguration = [MergedContextConfiguration@7ae5f795 testClass = ProfileServiceTests, locations = '{}', classes = '{class com.example.blogapi.BlogApiApplication}', contextInitializerClasses = '[]', activeProfiles = '{}', propertySourceLocations = '{}', propertySourceProperties = '{org.springframework.boot.test.autoconfigure.orm.jpa.DataJpaTestContextBootstrapper=true}', contextCustomizers = set[org.springframework.boot.test.autoconfigure.OverrideAutoConfigurationContextCustomizerFactory$DisableAutoConfigurationContextCustomizer@1ab780fd, org.springframework.boot.test.autoconfigure.actuate.metrics.MetricsExportContextCustomizerFactory$DisableMetricExportContextCustomizer@1477089c, org.springframework.boot.test.autoconfigure.filter.TypeExcludeFiltersContextCustomizer@351584c0, org.springframework.boot.test.autoconfigure.properties.PropertyMappingContextCustomizer@bcfe9851, org.springframework.boot.test.autoconfigure.web.servlet.WebDriverContextCustomizerFactory$Customizer@767e20cf, [ImportsContextCustomizer@2787abe4 key = [org.springframework.boot.autoconfigure.cache.CacheAutoConfiguration, org.springframework.boot.autoconfigure.data.jpa.JpaRepositoriesAutoConfiguration, org.springframework.boot.autoconfigure.flyway.FlywayAutoConfiguration, org.springframework.boot.autoconfigure.jdbc.DataSourceAutoConfiguration, org.springframework.boot.autoconfigure.jdbc.DataSourceTransactionManagerAutoConfiguration, org.springframework.boot.autoconfigure.jdbc.JdbcTemplateAutoConfiguration, org.springframework.boot.autoconfigure.liquibase.LiquibaseAutoConfiguration, org.springframework.boot.autoconfigure.orm.jpa.HibernateJpaAutoConfiguration, org.springframework.boot.autoconfigure.sql.init.SqlInitializationAutoConfiguration, org.springframework.boot.autoconfigure.transaction.TransactionAutoConfiguration, org.springframework.boot.test.autoconfigure.jdbc.TestDatabaseAutoConfiguration, org.springframework.boot.test.autoconfigure.orm.jpa.TestEntityManagerAutoConfiguration]], org.springframework.boot.test.context.filter.ExcludeFilterContextCustomizer@17a1e4ca, org.springframework.boot.test.json.DuplicateJsonObjectContextCustomizerFactory$DuplicateJsonObjectContextCustomizer@340b9973, org.springframework.boot.test.mock.mockito.MockitoContextCustomizer@0, org.springframework.boot.test.context.SpringBootTestArgs@1, org.springframework.boot.test.context.SpringBootTestWebEnvironment@0], contextLoader = 'org.springframework.boot.test.context.SpringBootContextLoader', parent = [null]], attributes = map['org.springframework.test.context.event.ApplicationEventsTestExecutionListener.recordApplicationEvents' -> false]]; transaction manager [org.springframework.orm.jpa.JpaTransactionManager@46c28400]; rollback [true]
Hibernate: 
    /* select
        generatedAlias0 
    from
        users as generatedAlias0 
    where
        generatedAlias0.username=:param0 */ select
            userentity0_.id as id1_6_,
            userentity0_.created_at as created_2_6_,
            userentity0_.bio as bio3_6_,
            userentity0_.email as email4_6_,
            userentity0_.image as image5_6_,
            userentity0_.password as password6_6_,
            userentity0_.username as username7_6_ 
        from
            users userentity0_ 
        where
            userentity0_.username=?
Hibernate: 
    call next value for hibernate_sequence
Hibernate: 
    /* insert com.example.blogapi.users.UserEntity
        */ insert 
        into
            users
            (created_at, bio, email, image, password, username, id) 
        values
            (?, ?, ?, ?, ?, ?, ?)
Hibernate: 
    /* select
        generatedAlias0 
    from
        users as generatedAlias0 
    where
        generatedAlias0.username=:param0 */ select
            userentity0_.id as id1_6_,
            userentity0_.created_at as created_2_6_,
            userentity0_.bio as bio3_6_,
            userentity0_.email as email4_6_,
            userentity0_.image as image5_6_,
            userentity0_.password as password6_6_,
            userentity0_.username as username7_6_ 
        from
            users userentity0_ 
        where
            userentity0_.username=?
2024-02-10 20:35:33.634  INFO 11276 --- [    Test worker] o.s.t.c.transaction.TransactionContext   : Rolled back transaction for test: [DefaultTestContext@15d18b61 testClass = ProfileServiceTests, testInstance = com.example.blogapi.profiles.ProfileServiceTests@11034fdb, testMethod = getProfileByUsername@ProfileServiceTests, testException = [null], mergedContextConfiguration = [MergedContextConfiguration@7ae5f795 testClass = ProfileServiceTests, locations = '{}', classes = '{class com.example.blogapi.BlogApiApplication}', contextInitializerClasses = '[]', activeProfiles = '{}', propertySourceLocations = '{}', propertySourceProperties = '{org.springframework.boot.test.autoconfigure.orm.jpa.DataJpaTestContextBootstrapper=true}', contextCustomizers = set[org.springframework.boot.test.autoconfigure.OverrideAutoConfigurationContextCustomizerFactory$DisableAutoConfigurationContextCustomizer@1ab780fd, org.springframework.boot.test.autoconfigure.actuate.metrics.MetricsExportContextCustomizerFactory$DisableMetricExportContextCustomizer@1477089c, org.springframework.boot.test.autoconfigure.filter.TypeExcludeFiltersContextCustomizer@351584c0, org.springframework.boot.test.autoconfigure.properties.PropertyMappingContextCustomizer@bcfe9851, org.springframework.boot.test.autoconfigure.web.servlet.WebDriverContextCustomizerFactory$Customizer@767e20cf, [ImportsContextCustomizer@2787abe4 key = [org.springframework.boot.autoconfigure.cache.CacheAutoConfiguration, org.springframework.boot.autoconfigure.data.jpa.JpaRepositoriesAutoConfiguration, org.springframework.boot.autoconfigure.flyway.FlywayAutoConfiguration, org.springframework.boot.autoconfigure.jdbc.DataSourceAutoConfiguration, org.springframework.boot.autoconfigure.jdbc.DataSourceTransactionManagerAutoConfiguration, org.springframework.boot.autoconfigure.jdbc.JdbcTemplateAutoConfiguration, org.springframework.boot.autoconfigure.liquibase.LiquibaseAutoConfiguration, org.springframework.boot.autoconfigure.orm.jpa.HibernateJpaAutoConfiguration, org.springframework.boot.autoconfigure.sql.init.SqlInitializationAutoConfiguration, org.springframework.boot.autoconfigure.transaction.TransactionAutoConfiguration, org.springframework.boot.test.autoconfigure.jdbc.TestDatabaseAutoConfiguration, org.springframework.boot.test.autoconfigure.orm.jpa.TestEntityManagerAutoConfiguration]], org.springframework.boot.test.context.filter.ExcludeFilterContextCustomizer@17a1e4ca, org.springframework.boot.test.json.DuplicateJsonObjectContextCustomizerFactory$DuplicateJsonObjectContextCustomizer@340b9973, org.springframework.boot.test.mock.mockito.MockitoContextCustomizer@0, org.springframework.boot.test.context.SpringBootTestArgs@1, org.springframework.boot.test.context.SpringBootTestWebEnvironment@0], contextLoader = 'org.springframework.boot.test.context.SpringBootContextLoader', parent = [null]], attributes = map['org.springframework.test.context.event.ApplicationEventsTestExecutionListener.recordApplicationEvents' -> false]]
]]></system-out>
  <system-err><![CDATA[]]></system-err>
</testsuite>
