<?xml version="1.0" encoding="UTF-8"?>
<testsuite name="com.example.blogapi.articles.ArticleServiceTests" tests="1" skipped="0" failures="0" errors="0" timestamp="2023-06-24T14:30:32" hostname="DESKTOP-GTJ9E4R" time="0.565">
  <properties/>
  <testcase name="updateArticleThrowsException()" classname="com.example.blogapi.articles.ArticleServiceTests" time="0.565"/>
  <system-out><![CDATA[20:00:28.269 [Test worker] DEBUG org.springframework.test.context.BootstrapUtils - Instantiating CacheAwareContextLoaderDelegate from class [org.springframework.test.context.cache.DefaultCacheAwareContextLoaderDelegate]
20:00:28.281 [Test worker] DEBUG org.springframework.test.context.BootstrapUtils - Instantiating BootstrapContext using constructor [public org.springframework.test.context.support.DefaultBootstrapContext(java.lang.Class,org.springframework.test.context.CacheAwareContextLoaderDelegate)]
20:00:28.335 [Test worker] DEBUG org.springframework.test.context.BootstrapUtils - Instantiating TestContextBootstrapper for test class [com.example.blogapi.articles.ArticleServiceTests] from class [org.springframework.boot.test.autoconfigure.orm.jpa.DataJpaTestContextBootstrapper]
20:00:28.354 [Test worker] INFO org.springframework.boot.test.autoconfigure.orm.jpa.DataJpaTestContextBootstrapper - Neither @ContextConfiguration nor @ContextHierarchy found for test class [com.example.blogapi.articles.ArticleServiceTests], using SpringBootContextLoader
20:00:28.359 [Test worker] DEBUG org.springframework.test.context.support.AbstractContextLoader - Did not detect default resource location for test class [com.example.blogapi.articles.ArticleServiceTests]: class path resource [com/example/blogapi/articles/ArticleServiceTests-context.xml] does not exist
20:00:28.359 [Test worker] DEBUG org.springframework.test.context.support.AbstractContextLoader - Did not detect default resource location for test class [com.example.blogapi.articles.ArticleServiceTests]: class path resource [com/example/blogapi/articles/ArticleServiceTestsContext.groovy] does not exist
20:00:28.359 [Test worker] INFO org.springframework.test.context.support.AbstractContextLoader - Could not detect default resource locations for test class [com.example.blogapi.articles.ArticleServiceTests]: no resource found for suffixes {-context.xml, Context.groovy}.
20:00:28.360 [Test worker] INFO org.springframework.test.context.support.AnnotationConfigContextLoaderUtils - Could not detect default configuration classes for test class [com.example.blogapi.articles.ArticleServiceTests]: ArticleServiceTests does not declare any static, non-private, non-final, nested classes annotated with @Configuration.
20:00:28.429 [Test worker] DEBUG org.springframework.test.context.support.ActiveProfilesUtils - Could not find an 'annotation declaring class' for annotation type [org.springframework.test.context.ActiveProfiles] and class [com.example.blogapi.articles.ArticleServiceTests]
20:00:28.487 [Test worker] DEBUG org.springframework.context.annotation.ClassPathScanningCandidateComponentProvider - Identified candidate component class: file [D:\Scaler Notes\Project_Module_Backend\Project-Module-Feb-2023\blog-api\build\classes\java\main\com\example\blogapi\BlogApiApplication.class]
20:00:28.489 [Test worker] INFO org.springframework.boot.test.context.SpringBootTestContextBootstrapper - Found @SpringBootConfiguration com.example.blogapi.BlogApiApplication for test class com.example.blogapi.articles.ArticleServiceTests
20:00:28.491 [Test worker] DEBUG org.springframework.boot.test.autoconfigure.orm.jpa.DataJpaTestContextBootstrapper - @TestExecutionListeners is not present for class [com.example.blogapi.articles.ArticleServiceTests]: using defaults.
20:00:28.492 [Test worker] INFO org.springframework.boot.test.autoconfigure.orm.jpa.DataJpaTestContextBootstrapper - Loaded default TestExecutionListener class names from location [META-INF/spring.factories]: [org.springframework.boot.test.autoconfigure.restdocs.RestDocsTestExecutionListener, org.springframework.boot.test.autoconfigure.web.client.MockRestServiceServerResetTestExecutionListener, org.springframework.boot.test.autoconfigure.web.servlet.MockMvcPrintOnlyOnFailureTestExecutionListener, org.springframework.boot.test.autoconfigure.web.servlet.WebDriverTestExecutionListener, org.springframework.boot.test.autoconfigure.webservices.client.MockWebServiceServerTestExecutionListener, org.springframework.boot.test.mock.mockito.MockitoTestExecutionListener, org.springframework.boot.test.mock.mockito.ResetMocksTestExecutionListener, org.springframework.test.context.web.ServletTestExecutionListener, org.springframework.test.context.support.DirtiesContextBeforeModesTestExecutionListener, org.springframework.test.context.event.ApplicationEventsTestExecutionListener, org.springframework.test.context.support.DependencyInjectionTestExecutionListener, org.springframework.test.context.support.DirtiesContextTestExecutionListener, org.springframework.test.context.transaction.TransactionalTestExecutionListener, org.springframework.test.context.jdbc.SqlScriptsTestExecutionListener, org.springframework.test.context.event.EventPublishingTestExecutionListener]
20:00:28.512 [Test worker] INFO org.springframework.boot.test.autoconfigure.orm.jpa.DataJpaTestContextBootstrapper - Using TestExecutionListeners: [org.springframework.test.context.web.ServletTestExecutionListener@2611b9a3, org.springframework.test.context.support.DirtiesContextBeforeModesTestExecutionListener@54227100, org.springframework.test.context.event.ApplicationEventsTestExecutionListener@6b5894c8, org.springframework.boot.test.mock.mockito.MockitoTestExecutionListener@1433046b, org.springframework.boot.test.autoconfigure.SpringBootDependencyInjectionTestExecutionListener@3f446bef, org.springframework.test.context.support.DirtiesContextTestExecutionListener@7829b776, org.springframework.test.context.transaction.TransactionalTestExecutionListener@5778826f, org.springframework.test.context.jdbc.SqlScriptsTestExecutionListener@5b64c4b7, org.springframework.test.context.event.EventPublishingTestExecutionListener@4763c727, org.springframework.boot.test.autoconfigure.restdocs.RestDocsTestExecutionListener@72445aba, org.springframework.boot.test.autoconfigure.web.client.MockRestServiceServerResetTestExecutionListener@61bcd567, org.springframework.boot.test.autoconfigure.web.servlet.MockMvcPrintOnlyOnFailureTestExecutionListener@1c80e49b, org.springframework.boot.test.autoconfigure.web.servlet.WebDriverTestExecutionListener@458342d3, org.springframework.boot.test.autoconfigure.webservices.client.MockWebServiceServerTestExecutionListener@15c25153, org.springframework.boot.test.mock.mockito.ResetMocksTestExecutionListener@1252b961]
20:00:28.517 [Test worker] DEBUG org.springframework.test.context.support.AbstractDirtiesContextTestExecutionListener - Before test class: context [DefaultTestContext@4c51bb7 testClass = ArticleServiceTests, testInstance = [null], testMethod = [null], testException = [null], mergedContextConfiguration = [MergedContextConfiguration@83298d7 testClass = ArticleServiceTests, locations = '{}', classes = '{class com.example.blogapi.BlogApiApplication}', contextInitializerClasses = '[]', activeProfiles = '{}', propertySourceLocations = '{}', propertySourceProperties = '{org.springframework.boot.test.autoconfigure.orm.jpa.DataJpaTestContextBootstrapper=true}', contextCustomizers = set[org.springframework.boot.test.autoconfigure.OverrideAutoConfigurationContextCustomizerFactory$DisableAutoConfigurationContextCustomizer@3a3e78f, org.springframework.boot.test.autoconfigure.actuate.metrics.MetricsExportContextCustomizerFactory$DisableMetricExportContextCustomizer@4a194c39, org.springframework.boot.test.autoconfigure.filter.TypeExcludeFiltersContextCustomizer@351584c0, org.springframework.boot.test.autoconfigure.properties.PropertyMappingContextCustomizer@8b99b029, org.springframework.boot.test.autoconfigure.web.servlet.WebDriverContextCustomizerFactory$Customizer@47f4e407, [ImportsContextCustomizer@42a9e5d1 key = [org.springframework.boot.autoconfigure.cache.CacheAutoConfiguration, org.springframework.boot.autoconfigure.data.jpa.JpaRepositoriesAutoConfiguration, org.springframework.boot.autoconfigure.flyway.FlywayAutoConfiguration, org.springframework.boot.autoconfigure.jdbc.DataSourceAutoConfiguration, org.springframework.boot.autoconfigure.jdbc.DataSourceTransactionManagerAutoConfiguration, org.springframework.boot.autoconfigure.jdbc.JdbcTemplateAutoConfiguration, org.springframework.boot.autoconfigure.liquibase.LiquibaseAutoConfiguration, org.springframework.boot.autoconfigure.orm.jpa.HibernateJpaAutoConfiguration, org.springframework.boot.autoconfigure.sql.init.SqlInitializationAutoConfiguration, org.springframework.boot.autoconfigure.transaction.TransactionAutoConfiguration, org.springframework.boot.test.autoconfigure.jdbc.TestDatabaseAutoConfiguration, org.springframework.boot.test.autoconfigure.orm.jpa.TestEntityManagerAutoConfiguration]], org.springframework.boot.test.context.filter.ExcludeFilterContextCustomizer@3cc41abc, org.springframework.boot.test.json.DuplicateJsonObjectContextCustomizerFactory$DuplicateJsonObjectContextCustomizer@3668d4, org.springframework.boot.test.mock.mockito.MockitoContextCustomizer@0, org.springframework.boot.test.context.SpringBootTestArgs@1, org.springframework.boot.test.context.SpringBootTestWebEnvironment@0], contextLoader = 'org.springframework.boot.test.context.SpringBootContextLoader', parent = [null]], attributes = map[[empty]]], class annotated with @DirtiesContext [false] with mode [null].
20:00:28.534 [Test worker] DEBUG org.springframework.test.context.support.DependencyInjectionTestExecutionListener - Performing dependency injection for test context [[DefaultTestContext@4c51bb7 testClass = ArticleServiceTests, testInstance = com.example.blogapi.articles.ArticleServiceTests@67389cb8, testMethod = [null], testException = [null], mergedContextConfiguration = [MergedContextConfiguration@83298d7 testClass = ArticleServiceTests, locations = '{}', classes = '{class com.example.blogapi.BlogApiApplication}', contextInitializerClasses = '[]', activeProfiles = '{}', propertySourceLocations = '{}', propertySourceProperties = '{org.springframework.boot.test.autoconfigure.orm.jpa.DataJpaTestContextBootstrapper=true}', contextCustomizers = set[org.springframework.boot.test.autoconfigure.OverrideAutoConfigurationContextCustomizerFactory$DisableAutoConfigurationContextCustomizer@3a3e78f, org.springframework.boot.test.autoconfigure.actuate.metrics.MetricsExportContextCustomizerFactory$DisableMetricExportContextCustomizer@4a194c39, org.springframework.boot.test.autoconfigure.filter.TypeExcludeFiltersContextCustomizer@351584c0, org.springframework.boot.test.autoconfigure.properties.PropertyMappingContextCustomizer@8b99b029, org.springframework.boot.test.autoconfigure.web.servlet.WebDriverContextCustomizerFactory$Customizer@47f4e407, [ImportsContextCustomizer@42a9e5d1 key = [org.springframework.boot.autoconfigure.cache.CacheAutoConfiguration, org.springframework.boot.autoconfigure.data.jpa.JpaRepositoriesAutoConfiguration, org.springframework.boot.autoconfigure.flyway.FlywayAutoConfiguration, org.springframework.boot.autoconfigure.jdbc.DataSourceAutoConfiguration, org.springframework.boot.autoconfigure.jdbc.DataSourceTransactionManagerAutoConfiguration, org.springframework.boot.autoconfigure.jdbc.JdbcTemplateAutoConfiguration, org.springframework.boot.autoconfigure.liquibase.LiquibaseAutoConfiguration, org.springframework.boot.autoconfigure.orm.jpa.HibernateJpaAutoConfiguration, org.springframework.boot.autoconfigure.sql.init.SqlInitializationAutoConfiguration, org.springframework.boot.autoconfigure.transaction.TransactionAutoConfiguration, org.springframework.boot.test.autoconfigure.jdbc.TestDatabaseAutoConfiguration, org.springframework.boot.test.autoconfigure.orm.jpa.TestEntityManagerAutoConfiguration]], org.springframework.boot.test.context.filter.ExcludeFilterContextCustomizer@3cc41abc, org.springframework.boot.test.json.DuplicateJsonObjectContextCustomizerFactory$DuplicateJsonObjectContextCustomizer@3668d4, org.springframework.boot.test.mock.mockito.MockitoContextCustomizer@0, org.springframework.boot.test.context.SpringBootTestArgs@1, org.springframework.boot.test.context.SpringBootTestWebEnvironment@0], contextLoader = 'org.springframework.boot.test.context.SpringBootContextLoader', parent = [null]], attributes = map['org.springframework.test.context.event.ApplicationEventsTestExecutionListener.recordApplicationEvents' -> false]]].

  .   ____          _            __ _ _
 /\\ / ___'_ __ _ _(_)_ __  __ _ \ \ \ \
( ( )\___ | '_ | '_| | '_ \/ _` | \ \ \ \
 \\/  ___)| |_)| | | | | || (_| |  ) ) ) )
  '  |____| .__|_| |_|_| |_\__, | / / / /
 =========|_|==============|___/=/_/_/_/
 :: Spring Boot ::                (v2.7.9)

2023-06-24 20:00:28.968  INFO 15508 --- [    Test worker] c.e.b.articles.ArticleServiceTests       : Starting ArticleServiceTests using Java 17.0.6 on DESKTOP-GTJ9E4R with PID 15508 (started by suhasini in D:\Scaler Notes\Project_Module_Backend\Project-Module-Feb-2023\blog-api)
2023-06-24 20:00:28.969  INFO 15508 --- [    Test worker] c.e.b.articles.ArticleServiceTests       : No active profile set, falling back to 1 default profile: "default"
2023-06-24 20:00:29.440  INFO 15508 --- [    Test worker] .s.d.r.c.RepositoryConfigurationDelegate : Bootstrapping Spring Data JPA repositories in DEFAULT mode.
2023-06-24 20:00:29.515  INFO 15508 --- [    Test worker] .s.d.r.c.RepositoryConfigurationDelegate : Finished Spring Data repository scanning in 67 ms. Found 3 JPA repository interfaces.
2023-06-24 20:00:29.583  INFO 15508 --- [    Test worker] beddedDataSourceBeanFactoryPostProcessor : Replacing 'dataSource' DataSource bean with embedded version
2023-06-24 20:00:29.768  INFO 15508 --- [    Test worker] o.s.j.d.e.EmbeddedDatabaseFactory        : Starting embedded database: url='jdbc:h2:mem:14e67e28-b259-46ba-92d0-bda70ed40715;DB_CLOSE_DELAY=-1;DB_CLOSE_ON_EXIT=false', username='sa'
2023-06-24 20:00:30.145  INFO 15508 --- [    Test worker] o.hibernate.jpa.internal.util.LogHelper  : HHH000204: Processing PersistenceUnitInfo [name: default]
2023-06-24 20:00:30.202  INFO 15508 --- [    Test worker] org.hibernate.Version                    : HHH000412: Hibernate ORM core version 5.6.15.Final
2023-06-24 20:00:30.381  INFO 15508 --- [    Test worker] o.hibernate.annotations.common.Version   : HCANN000001: Hibernate Commons Annotations {5.1.2.Final}
2023-06-24 20:00:30.534  INFO 15508 --- [    Test worker] org.hibernate.dialect.Dialect            : HHH000400: Using dialect: org.hibernate.dialect.H2Dialect
Hibernate: 
    
    create table article_likes (
       article_id integer not null,
        user_id integer not null
    )
Hibernate: 
    
    create table articles (
       id integer not null,
        created_at timestamp,
        body varchar(8000) not null,
        slug varchar(150) not null,
        subtitle varchar(255),
        title varchar(200) not null,
        author_id integer,
        primary key (id)
    )
Hibernate: 
    
    create table auth_token_entity (
       id binary(255) not null,
        user_id integer,
        primary key (id)
    )
Hibernate: 
    
    create table comments (
       id integer not null,
        created_at timestamp,
        body varchar(1000),
        title varchar(100) not null,
        article_entity_id integer,
        author_id integer,
        primary key (id)
    )
Hibernate: 
    
    create table user_follows (
       follower_id integer not null,
        following_id integer not null
    )
Hibernate: 
    
    create table users (
       id integer not null,
        created_at timestamp,
        bio varchar(255),
        email varchar(255),
        image varchar(255),
        password varchar(255),
        username varchar(50) not null,
        primary key (id)
    )
Hibernate: 
    
    alter table articles 
       drop constraint if exists UK_sn7al9fwhgtf98rvn8nxhjt4f
Hibernate: 
    
    alter table articles 
       add constraint UK_sn7al9fwhgtf98rvn8nxhjt4f unique (slug)
Hibernate: 
    
    alter table users 
       drop constraint if exists UK_r43af9ap4edm43mmtq01oddj6
Hibernate: 
    
    alter table users 
       add constraint UK_r43af9ap4edm43mmtq01oddj6 unique (username)
Hibernate: create sequence hibernate_sequence start with 1 increment by 1
Hibernate: 
    
    alter table article_likes 
       add constraint FKbtkgmxfbjkfelv3v7ty6mo3n8 
       foreign key (user_id) 
       references users
Hibernate: 
    
    alter table article_likes 
       add constraint FKq68u12nmkwf7j0k72bg711amn 
       foreign key (article_id) 
       references articles
Hibernate: 
    
    alter table articles 
       add constraint FKe02fs2ut6qqoabfhj325wcjul 
       foreign key (author_id) 
       references users
Hibernate: 
    
    alter table auth_token_entity 
       add constraint FKq7ryhn4s816yo7q0lxtnay84h 
       foreign key (user_id) 
       references users
Hibernate: 
    
    alter table comments 
       add constraint FK74m7gvgbebbpcbcfcfxcupdx6 
       foreign key (article_entity_id) 
       references articles
Hibernate: 
    
    alter table comments 
       add constraint FKn2na60ukhs76ibtpt9burkm27 
       foreign key (author_id) 
       references users
Hibernate: 
    
    alter table user_follows 
       add constraint FKp1rxuw1ulwo6mu84qaajuttrk 
       foreign key (following_id) 
       references users
Hibernate: 
    
    alter table user_follows 
       add constraint FKqx9mu1fniaua5jfe1cdyspxdt 
       foreign key (follower_id) 
       references users
2023-06-24 20:00:31.357  INFO 15508 --- [    Test worker] o.h.e.t.j.p.i.JtaPlatformInitiator       : HHH000490: Using JtaPlatform implementation: [org.hibernate.engine.transaction.jta.platform.internal.NoJtaPlatform]
2023-06-24 20:00:31.366  INFO 15508 --- [    Test worker] j.LocalContainerEntityManagerFactoryBean : Initialized JPA EntityManagerFactory for persistence unit 'default'
2023-06-24 20:00:32.061  INFO 15508 --- [    Test worker] c.e.b.articles.ArticleServiceTests       : Started ArticleServiceTests in 3.491 seconds (JVM running for 4.753)
2023-06-24 20:00:32.094  INFO 15508 --- [    Test worker] o.s.t.c.transaction.TransactionContext   : Began transaction (1) for test context [DefaultTestContext@4c51bb7 testClass = ArticleServiceTests, testInstance = com.example.blogapi.articles.ArticleServiceTests@67389cb8, testMethod = updateArticleThrowsException@ArticleServiceTests, testException = [null], mergedContextConfiguration = [MergedContextConfiguration@83298d7 testClass = ArticleServiceTests, locations = '{}', classes = '{class com.example.blogapi.BlogApiApplication}', contextInitializerClasses = '[]', activeProfiles = '{}', propertySourceLocations = '{}', propertySourceProperties = '{org.springframework.boot.test.autoconfigure.orm.jpa.DataJpaTestContextBootstrapper=true}', contextCustomizers = set[org.springframework.boot.test.autoconfigure.OverrideAutoConfigurationContextCustomizerFactory$DisableAutoConfigurationContextCustomizer@3a3e78f, org.springframework.boot.test.autoconfigure.actuate.metrics.MetricsExportContextCustomizerFactory$DisableMetricExportContextCustomizer@4a194c39, org.springframework.boot.test.autoconfigure.filter.TypeExcludeFiltersContextCustomizer@351584c0, org.springframework.boot.test.autoconfigure.properties.PropertyMappingContextCustomizer@8b99b029, org.springframework.boot.test.autoconfigure.web.servlet.WebDriverContextCustomizerFactory$Customizer@47f4e407, [ImportsContextCustomizer@42a9e5d1 key = [org.springframework.boot.autoconfigure.cache.CacheAutoConfiguration, org.springframework.boot.autoconfigure.data.jpa.JpaRepositoriesAutoConfiguration, org.springframework.boot.autoconfigure.flyway.FlywayAutoConfiguration, org.springframework.boot.autoconfigure.jdbc.DataSourceAutoConfiguration, org.springframework.boot.autoconfigure.jdbc.DataSourceTransactionManagerAutoConfiguration, org.springframework.boot.autoconfigure.jdbc.JdbcTemplateAutoConfiguration, org.springframework.boot.autoconfigure.liquibase.LiquibaseAutoConfiguration, org.springframework.boot.autoconfigure.orm.jpa.HibernateJpaAutoConfiguration, org.springframework.boot.autoconfigure.sql.init.SqlInitializationAutoConfiguration, org.springframework.boot.autoconfigure.transaction.TransactionAutoConfiguration, org.springframework.boot.test.autoconfigure.jdbc.TestDatabaseAutoConfiguration, org.springframework.boot.test.autoconfigure.orm.jpa.TestEntityManagerAutoConfiguration]], org.springframework.boot.test.context.filter.ExcludeFilterContextCustomizer@3cc41abc, org.springframework.boot.test.json.DuplicateJsonObjectContextCustomizerFactory$DuplicateJsonObjectContextCustomizer@3668d4, org.springframework.boot.test.mock.mockito.MockitoContextCustomizer@0, org.springframework.boot.test.context.SpringBootTestArgs@1, org.springframework.boot.test.context.SpringBootTestWebEnvironment@0], contextLoader = 'org.springframework.boot.test.context.SpringBootContextLoader', parent = [null]], attributes = map['org.springframework.test.context.event.ApplicationEventsTestExecutionListener.recordApplicationEvents' -> false]]; transaction manager [org.springframework.orm.jpa.JpaTransactionManager@1a77eb6]; rollback [true]
Hibernate: 
    /* select
        generatedAlias0 
    from
        users as generatedAlias0 
    where
        generatedAlias0.username=:param0 */ select
            userentity0_.id as id1_5_,
            userentity0_.created_at as created_2_5_,
            userentity0_.bio as bio3_5_,
            userentity0_.email as email4_5_,
            userentity0_.image as image5_5_,
            userentity0_.password as password6_5_,
            userentity0_.username as username7_5_ 
        from
            users userentity0_ 
        where
            userentity0_.username=?
Hibernate: 
    call next value for hibernate_sequence
Hibernate: 
    call next value for hibernate_sequence
Hibernate: 
    /* insert com.example.blogapi.users.UserEntity
        */ insert 
        into
            users
            (created_at, bio, email, image, password, username, id) 
        values
            (?, ?, ?, ?, ?, ?, ?)
Hibernate: 
    /* insert com.example.blogapi.articles.ArticleEntity
        */ insert 
        into
            articles
            (created_at, author_id, body, slug, subtitle, title, id) 
        values
            (?, ?, ?, ?, ?, ?, ?)
Hibernate: 
    /* select
        generatedAlias0 
    from
        articles as generatedAlias0 
    where
        generatedAlias0.slug=:param0 */ select
            articleent0_.id as id1_1_,
            articleent0_.created_at as created_2_1_,
            articleent0_.author_id as author_i7_1_,
            articleent0_.body as body3_1_,
            articleent0_.slug as slug4_1_,
            articleent0_.subtitle as subtitle5_1_,
            articleent0_.title as title6_1_ 
        from
            articles articleent0_ 
        where
            articleent0_.slug=?
2023-06-24 20:00:32.637  INFO 15508 --- [    Test worker] o.s.t.c.transaction.TransactionContext   : Rolled back transaction for test: [DefaultTestContext@4c51bb7 testClass = ArticleServiceTests, testInstance = com.example.blogapi.articles.ArticleServiceTests@67389cb8, testMethod = updateArticleThrowsException@ArticleServiceTests, testException = [null], mergedContextConfiguration = [MergedContextConfiguration@83298d7 testClass = ArticleServiceTests, locations = '{}', classes = '{class com.example.blogapi.BlogApiApplication}', contextInitializerClasses = '[]', activeProfiles = '{}', propertySourceLocations = '{}', propertySourceProperties = '{org.springframework.boot.test.autoconfigure.orm.jpa.DataJpaTestContextBootstrapper=true}', contextCustomizers = set[org.springframework.boot.test.autoconfigure.OverrideAutoConfigurationContextCustomizerFactory$DisableAutoConfigurationContextCustomizer@3a3e78f, org.springframework.boot.test.autoconfigure.actuate.metrics.MetricsExportContextCustomizerFactory$DisableMetricExportContextCustomizer@4a194c39, org.springframework.boot.test.autoconfigure.filter.TypeExcludeFiltersContextCustomizer@351584c0, org.springframework.boot.test.autoconfigure.properties.PropertyMappingContextCustomizer@8b99b029, org.springframework.boot.test.autoconfigure.web.servlet.WebDriverContextCustomizerFactory$Customizer@47f4e407, [ImportsContextCustomizer@42a9e5d1 key = [org.springframework.boot.autoconfigure.cache.CacheAutoConfiguration, org.springframework.boot.autoconfigure.data.jpa.JpaRepositoriesAutoConfiguration, org.springframework.boot.autoconfigure.flyway.FlywayAutoConfiguration, org.springframework.boot.autoconfigure.jdbc.DataSourceAutoConfiguration, org.springframework.boot.autoconfigure.jdbc.DataSourceTransactionManagerAutoConfiguration, org.springframework.boot.autoconfigure.jdbc.JdbcTemplateAutoConfiguration, org.springframework.boot.autoconfigure.liquibase.LiquibaseAutoConfiguration, org.springframework.boot.autoconfigure.orm.jpa.HibernateJpaAutoConfiguration, org.springframework.boot.autoconfigure.sql.init.SqlInitializationAutoConfiguration, org.springframework.boot.autoconfigure.transaction.TransactionAutoConfiguration, org.springframework.boot.test.autoconfigure.jdbc.TestDatabaseAutoConfiguration, org.springframework.boot.test.autoconfigure.orm.jpa.TestEntityManagerAutoConfiguration]], org.springframework.boot.test.context.filter.ExcludeFilterContextCustomizer@3cc41abc, org.springframework.boot.test.json.DuplicateJsonObjectContextCustomizerFactory$DuplicateJsonObjectContextCustomizer@3668d4, org.springframework.boot.test.mock.mockito.MockitoContextCustomizer@0, org.springframework.boot.test.context.SpringBootTestArgs@1, org.springframework.boot.test.context.SpringBootTestWebEnvironment@0], contextLoader = 'org.springframework.boot.test.context.SpringBootContextLoader', parent = [null]], attributes = map['org.springframework.test.context.event.ApplicationEventsTestExecutionListener.recordApplicationEvents' -> false]]
]]></system-out>
  <system-err><![CDATA[]]></system-err>
</testsuite>
