<?xml version="1.0" encoding="UTF-8"?>
<testsuite name="com.example.blogapi.users.UserServiceTests" tests="1" skipped="0" failures="0" errors="0" timestamp="2023-11-27T09:53:10" hostname="DESKTOP-GTJ9E4R" time="0.107">
  <properties/>
  <testcase name="createUser()" classname="com.example.blogapi.users.UserServiceTests" time="0.107"/>
  <system-out><![CDATA[2023-11-27 15:23:10.912  INFO 11920 --- [    Test worker] b.t.a.o.j.DataJpaTestContextBootstrapper : Neither @ContextConfiguration nor @ContextHierarchy found for test class [com.example.blogapi.users.UserServiceTests], using SpringBootContextLoader
2023-11-27 15:23:10.913  INFO 11920 --- [    Test worker] o.s.t.c.support.AbstractContextLoader    : Could not detect default resource locations for test class [com.example.blogapi.users.UserServiceTests]: no resource found for suffixes {-context.xml, Context.groovy}.
2023-11-27 15:23:10.913  INFO 11920 --- [    Test worker] t.c.s.AnnotationConfigContextLoaderUtils : Could not detect default configuration classes for test class [com.example.blogapi.users.UserServiceTests]: UserServiceTests does not declare any static, non-private, non-final, nested classes annotated with @Configuration.
2023-11-27 15:23:10.927  INFO 11920 --- [    Test worker] .b.t.c.SpringBootTestContextBootstrapper : Found @SpringBootConfiguration com.example.blogapi.BlogApiApplication for test class com.example.blogapi.users.UserServiceTests
2023-11-27 15:23:10.928  INFO 11920 --- [    Test worker] b.t.a.o.j.DataJpaTestContextBootstrapper : Loaded default TestExecutionListener class names from location [META-INF/spring.factories]: [org.springframework.boot.test.autoconfigure.restdocs.RestDocsTestExecutionListener, org.springframework.boot.test.autoconfigure.web.client.MockRestServiceServerResetTestExecutionListener, org.springframework.boot.test.autoconfigure.web.servlet.MockMvcPrintOnlyOnFailureTestExecutionListener, org.springframework.boot.test.autoconfigure.web.servlet.WebDriverTestExecutionListener, org.springframework.boot.test.autoconfigure.webservices.client.MockWebServiceServerTestExecutionListener, org.springframework.boot.test.mock.mockito.MockitoTestExecutionListener, org.springframework.boot.test.mock.mockito.ResetMocksTestExecutionListener, org.springframework.test.context.web.ServletTestExecutionListener, org.springframework.test.context.support.DirtiesContextBeforeModesTestExecutionListener, org.springframework.test.context.event.ApplicationEventsTestExecutionListener, org.springframework.test.context.support.DependencyInjectionTestExecutionListener, org.springframework.test.context.support.DirtiesContextTestExecutionListener, org.springframework.test.context.transaction.TransactionalTestExecutionListener, org.springframework.test.context.jdbc.SqlScriptsTestExecutionListener, org.springframework.test.context.event.EventPublishingTestExecutionListener]
2023-11-27 15:23:10.930  INFO 11920 --- [    Test worker] b.t.a.o.j.DataJpaTestContextBootstrapper : Using TestExecutionListeners: [org.springframework.test.context.web.ServletTestExecutionListener@1006d0e3, org.springframework.test.context.support.DirtiesContextBeforeModesTestExecutionListener@4f61c7e1, org.springframework.test.context.event.ApplicationEventsTestExecutionListener@1fb4377d, org.springframework.boot.test.mock.mockito.MockitoTestExecutionListener@6289376f, org.springframework.boot.test.autoconfigure.SpringBootDependencyInjectionTestExecutionListener@442e7215, org.springframework.test.context.support.DirtiesContextTestExecutionListener@5b1ebbe, org.springframework.test.context.transaction.TransactionalTestExecutionListener@3b802baa, org.springframework.test.context.jdbc.SqlScriptsTestExecutionListener@109941fa, org.springframework.test.context.event.EventPublishingTestExecutionListener@27103726, org.springframework.boot.test.autoconfigure.restdocs.RestDocsTestExecutionListener@2df6d461, org.springframework.boot.test.autoconfigure.web.client.MockRestServiceServerResetTestExecutionListener@1791670e, org.springframework.boot.test.autoconfigure.web.servlet.MockMvcPrintOnlyOnFailureTestExecutionListener@4d5d6297, org.springframework.boot.test.autoconfigure.web.servlet.WebDriverTestExecutionListener@6bd2c51d, org.springframework.boot.test.autoconfigure.webservices.client.MockWebServiceServerTestExecutionListener@709c41da, org.springframework.boot.test.mock.mockito.ResetMocksTestExecutionListener@6ca9f1d0]
2023-11-27 15:23:10.939  INFO 11920 --- [    Test worker] o.s.t.c.transaction.TransactionContext   : Began transaction (1) for test context [DefaultTestContext@6c5e6da testClass = UserServiceTests, testInstance = com.example.blogapi.users.UserServiceTests@7f027735, testMethod = createUser@UserServiceTests, testException = [null], mergedContextConfiguration = [MergedContextConfiguration@45f20384 testClass = UserServiceTests, locations = '{}', classes = '{class com.example.blogapi.BlogApiApplication}', contextInitializerClasses = '[]', activeProfiles = '{}', propertySourceLocations = '{}', propertySourceProperties = '{org.springframework.boot.test.autoconfigure.orm.jpa.DataJpaTestContextBootstrapper=true}', contextCustomizers = set[org.springframework.boot.test.autoconfigure.OverrideAutoConfigurationContextCustomizerFactory$DisableAutoConfigurationContextCustomizer@d970881, org.springframework.boot.test.autoconfigure.actuate.metrics.MetricsExportContextCustomizerFactory$DisableMetricExportContextCustomizer@44b3606b, org.springframework.boot.test.autoconfigure.filter.TypeExcludeFiltersContextCustomizer@351584c0, org.springframework.boot.test.autoconfigure.properties.PropertyMappingContextCustomizer@bcfe9851, org.springframework.boot.test.autoconfigure.web.servlet.WebDriverContextCustomizerFactory$Customizer@1817f1eb, [ImportsContextCustomizer@6d3dc0c5 key = [org.springframework.boot.autoconfigure.cache.CacheAutoConfiguration, org.springframework.boot.autoconfigure.data.jpa.JpaRepositoriesAutoConfiguration, org.springframework.boot.autoconfigure.flyway.FlywayAutoConfiguration, org.springframework.boot.autoconfigure.jdbc.DataSourceAutoConfiguration, org.springframework.boot.autoconfigure.jdbc.DataSourceTransactionManagerAutoConfiguration, org.springframework.boot.autoconfigure.jdbc.JdbcTemplateAutoConfiguration, org.springframework.boot.autoconfigure.liquibase.LiquibaseAutoConfiguration, org.springframework.boot.autoconfigure.orm.jpa.HibernateJpaAutoConfiguration, org.springframework.boot.autoconfigure.sql.init.SqlInitializationAutoConfiguration, org.springframework.boot.autoconfigure.transaction.TransactionAutoConfiguration, org.springframework.boot.test.autoconfigure.jdbc.TestDatabaseAutoConfiguration, org.springframework.boot.test.autoconfigure.orm.jpa.TestEntityManagerAutoConfiguration]], org.springframework.boot.test.context.filter.ExcludeFilterContextCustomizer@301ec38b, org.springframework.boot.test.json.DuplicateJsonObjectContextCustomizerFactory$DuplicateJsonObjectContextCustomizer@52066604, org.springframework.boot.test.mock.mockito.MockitoContextCustomizer@0, org.springframework.boot.test.context.SpringBootTestArgs@1, org.springframework.boot.test.context.SpringBootTestWebEnvironment@0], contextLoader = 'org.springframework.boot.test.context.SpringBootContextLoader', parent = [null]], attributes = map['org.springframework.test.context.event.ApplicationEventsTestExecutionListener.recordApplicationEvents' -> false]]; transaction manager [org.springframework.orm.jpa.JpaTransactionManager@5481001f]; rollback [true]
Hibernate: 
    /* select
        generatedAlias0 
    from
        users as generatedAlias0 
    where
        generatedAlias0.username=:param0 */ select
            userentity0_.id as id1_6_,
            userentity0_.created_at as created_2_6_,
            userentity0_.bio as bio3_6_,
            userentity0_.email as email4_6_,
            userentity0_.image as image5_6_,
            userentity0_.password as password6_6_,
            userentity0_.username as username7_6_ 
        from
            users userentity0_ 
        where
            userentity0_.username=?
Hibernate: 
    call next value for hibernate_sequence
2023-11-27 15:23:11.041  INFO 11920 --- [    Test worker] o.s.t.c.transaction.TransactionContext   : Rolled back transaction for test: [DefaultTestContext@6c5e6da testClass = UserServiceTests, testInstance = com.example.blogapi.users.UserServiceTests@7f027735, testMethod = createUser@UserServiceTests, testException = [null], mergedContextConfiguration = [MergedContextConfiguration@45f20384 testClass = UserServiceTests, locations = '{}', classes = '{class com.example.blogapi.BlogApiApplication}', contextInitializerClasses = '[]', activeProfiles = '{}', propertySourceLocations = '{}', propertySourceProperties = '{org.springframework.boot.test.autoconfigure.orm.jpa.DataJpaTestContextBootstrapper=true}', contextCustomizers = set[org.springframework.boot.test.autoconfigure.OverrideAutoConfigurationContextCustomizerFactory$DisableAutoConfigurationContextCustomizer@d970881, org.springframework.boot.test.autoconfigure.actuate.metrics.MetricsExportContextCustomizerFactory$DisableMetricExportContextCustomizer@44b3606b, org.springframework.boot.test.autoconfigure.filter.TypeExcludeFiltersContextCustomizer@351584c0, org.springframework.boot.test.autoconfigure.properties.PropertyMappingContextCustomizer@bcfe9851, org.springframework.boot.test.autoconfigure.web.servlet.WebDriverContextCustomizerFactory$Customizer@1817f1eb, [ImportsContextCustomizer@6d3dc0c5 key = [org.springframework.boot.autoconfigure.cache.CacheAutoConfiguration, org.springframework.boot.autoconfigure.data.jpa.JpaRepositoriesAutoConfiguration, org.springframework.boot.autoconfigure.flyway.FlywayAutoConfiguration, org.springframework.boot.autoconfigure.jdbc.DataSourceAutoConfiguration, org.springframework.boot.autoconfigure.jdbc.DataSourceTransactionManagerAutoConfiguration, org.springframework.boot.autoconfigure.jdbc.JdbcTemplateAutoConfiguration, org.springframework.boot.autoconfigure.liquibase.LiquibaseAutoConfiguration, org.springframework.boot.autoconfigure.orm.jpa.HibernateJpaAutoConfiguration, org.springframework.boot.autoconfigure.sql.init.SqlInitializationAutoConfiguration, org.springframework.boot.autoconfigure.transaction.TransactionAutoConfiguration, org.springframework.boot.test.autoconfigure.jdbc.TestDatabaseAutoConfiguration, org.springframework.boot.test.autoconfigure.orm.jpa.TestEntityManagerAutoConfiguration]], org.springframework.boot.test.context.filter.ExcludeFilterContextCustomizer@301ec38b, org.springframework.boot.test.json.DuplicateJsonObjectContextCustomizerFactory$DuplicateJsonObjectContextCustomizer@52066604, org.springframework.boot.test.mock.mockito.MockitoContextCustomizer@0, org.springframework.boot.test.context.SpringBootTestArgs@1, org.springframework.boot.test.context.SpringBootTestWebEnvironment@0], contextLoader = 'org.springframework.boot.test.context.SpringBootContextLoader', parent = [null]], attributes = map['org.springframework.test.context.event.ApplicationEventsTestExecutionListener.recordApplicationEvents' -> false]]
]]></system-out>
  <system-err><![CDATA[]]></system-err>
</testsuite>
